#
# There is insufficient memory for the Java Runtime Environment to continue.
# Native memory allocation (mmap) failed to map 144703488 bytes for committing reserved memory.
# Possible reasons:
#   The system is out of physical RAM or swap space
#   In 32 bit mode, the process size limit was hit
# Possible solutions:
#   Reduce memory load on the system
#   Increase physical memory or swap space
#   Check if swap backing store is full
#   Use 64 bit Java on a 64 bit OS
#   Decrease Java heap size (-Xmx/-Xms)
#   Decrease number of Java threads
#   Decrease Java thread stack sizes (-Xss)
#   Set larger code cache with -XX:ReservedCodeCacheSize=
# This output file may be truncated or incomplete.
#
#  Out of Memory Error (os_linux.cpp:2627), pid=6833, tid=0x00007f234cda2700
#
# JRE version: Java(TM) SE Runtime Environment (8.0_101-b13) (build 1.8.0_101-b13)
# Java VM: Java HotSpot(TM) 64-Bit Server VM (25.101-b13 mixed mode linux-amd64 compressed oops)
# Failed to write core dump. Core dumps have been disabled. To enable core dumping, try "ulimit -c unlimited" before starting Java again
#

---------------  T H R E A D  ---------------

Current thread (0x00007f2360078000):  VMThread [stack: 0x00007f234cca2000,0x00007f234cda3000] [id=6866]

Stack: [0x00007f234cca2000,0x00007f234cda3000],  sp=0x00007f234cda1060,  free space=1020k
Native frames: (J=compiled Java code, j=interpreted, Vv=VM code, C=native code)
V  [libjvm.so+0xac3f0a]  VMError::report_and_die()+0x2ba
V  [libjvm.so+0x4fbf9b]  report_vm_out_of_memory(char const*, int, unsigned long, VMErrorType, char const*)+0x8b
V  [libjvm.so+0x9222d3]  os::Linux::commit_memory_impl(char*, unsigned long, bool)+0x103
V  [libjvm.so+0x922829]  os::pd_commit_memory(char*, unsigned long, unsigned long, bool)+0x29
V  [libjvm.so+0x91cb2a]  os::commit_memory(char*, unsigned long, unsigned long, bool)+0x2a
V  [libjvm.so+0x991053]  PSVirtualSpace::expand_by(unsigned long)+0x53
V  [libjvm.so+0x992458]  PSYoungGen::resize_generation(unsigned long, unsigned long)+0xf8
V  [libjvm.so+0x9915b2]  PSYoungGen::resize(unsigned long, unsigned long)+0x22
V  [libjvm.so+0x98e88b]  PSScavenge::invoke_no_policy()+0xf3b
V  [libjvm.so+0x98f011]  PSScavenge::invoke()+0x41
V  [libjvm.so+0x945fc0]  ParallelScavengeHeap::failed_mem_allocate(unsigned long)+0x70
V  [libjvm.so+0xac5927]  VM_ParallelGCFailedAllocation::doit()+0x97
V  [libjvm.so+0xacd405]  VM_Operation::evaluate()+0x55
V  [libjvm.so+0xacb7da]  VMThread::evaluate_operation(VM_Operation*)+0xba
V  [libjvm.so+0xacbb5e]  VMThread::loop()+0x1ce
V  [libjvm.so+0xacbfd0]  VMThread::run()+0x70
V  [libjvm.so+0x924698]  java_start(Thread*)+0x108

VM_Operation (0x00007f23478f6d10): ParallelGCFailedAllocation, mode: safepoint, requested by thread 0x00007f2360182000


---------------  P R O C E S S  ---------------

Java Threads: ( => current thread )
  0x00007f2360182000 JavaThread "pool-1-thread-3" [_thread_blocked, id=6919, stack(0x00007f23477f8000,0x00007f23478f9000)]
  0x00007f236017f000 JavaThread "pool-2-thread-1" [_thread_blocked, id=6914, stack(0x00007f23479fa000,0x00007f2347afb000)]
  0x00007f236017c800 JavaThread "pool-1-thread-1" [_thread_blocked, id=6913, stack(0x00007f2347afb000,0x00007f2347bfc000)]
  0x00007f23600c0000 JavaThread "Service Thread" daemon [_thread_blocked, id=6892, stack(0x00007f2347cfd000,0x00007f2347dfe000)]
  0x00007f23600bd000 JavaThread "C1 CompilerThread2" daemon [_thread_blocked, id=6885, stack(0x00007f2347dfe000,0x00007f2347eff000)]
  0x00007f23600bb800 JavaThread "C2 CompilerThread1" daemon [_thread_blocked, id=6879, stack(0x00007f2347eff000,0x00007f2348000000)]
  0x00007f23600b8800 JavaThread "C2 CompilerThread0" daemon [_thread_blocked, id=6878, stack(0x00007f234c08b000,0x00007f234c18c000)]
  0x00007f23600b7000 JavaThread "Signal Dispatcher" daemon [_thread_blocked, id=6877, stack(0x00007f234c18c000,0x00007f234c28d000)]
  0x00007f2360084000 JavaThread "Finalizer" daemon [_thread_blocked, id=6873, stack(0x00007f234caa0000,0x00007f234cba1000)]
  0x00007f236007f800 JavaThread "Reference Handler" daemon [_thread_blocked, id=6871, stack(0x00007f234cba1000,0x00007f234cca2000)]
  0x00007f236000a000 JavaThread "main" [_thread_blocked, id=6845, stack(0x00007f2367367000,0x00007f2367468000)]

Other Threads:
=>0x00007f2360078000 VMThread [stack: 0x00007f234cca2000,0x00007f234cda3000] [id=6866]
  0x00007f23600c3000 WatcherThread [stack: 0x00007f2347bfc000,0x00007f2347cfd000] [id=6898]

VM state:at safepoint (normal execution)

VM Mutex/Monitor currently owned by a thread:  ([mutex/lock_event])
[0x00007f2360006510] Threads_lock - owner thread: 0x00007f2360078000
[0x00007f2360006a10] Heap_lock - owner thread: 0x00007f2360182000

Heap:
 PSYoungGen      total 140288K, used 14826K [0x00000000eab00000, 0x00000000f4400000, 0x0000000100000000)
  eden space 125440K, 0% used [0x00000000eab00000,0x00000000eab00000,0x00000000f2580000)
  from space 14848K, 99% used [0x00000000f2580000,0x00000000f33fa868,0x00000000f3400000)
  to   space 13312K, 0% used [0x00000000f3400000,0x00000000f3400000,0x00000000f4100000)
 ParOldGen       total 42496K, used 35073K [0x00000000c0000000, 0x00000000c2980000, 0x00000000eab00000)
  object space 42496K, 82% used [0x00000000c0000000,0x00000000c22407b8,0x00000000c2980000)
 Metaspace       used 6170K, capacity 7152K, committed 7296K, reserved 1056768K
  class space    used 601K, capacity 616K, committed 640K, reserved 1048576K

Card table byte_map: [0x00007f2350dff000,0x00007f2351000000] byte_map_base: 0x00007f23507ff000

Marking Bits: (ParMarkBitMap*) 0x00007f2366841120
 Begin Bits: [0x00007f234e9a6000, 0x00007f234f9a6000)
 End Bits:   [0x00007f234f9a6000, 0x00007f23509a6000)

Polling page: 0x00007f236748a000

CodeCache: size=245760Kb used=6856Kb max_used=6856Kb free=238903Kb
 bounds [0x00007f2351000000, 0x00007f23516c0000, 0x00007f2360000000]
 total_blobs=1966 nmethods=1703 adapters=176
 compilation: enabled

Compilation events (10 events):
Event: 11.140 Thread 0x00007f23600bd000 2086       2       java.util.concurrent.locks.AbstractQueuedSynchronizer::setState (6 bytes)
Event: 11.141 Thread 0x00007f23600bd000 nmethod 2086 0x00007f23516b20d0 code [0x00007f23516b2220, 0x00007f23516b2370]
Event: 11.167 Thread 0x00007f23600bd000 2089 %     3       com.android.dx.rop.code.LocalVariableExtractor::doit @ 8 (49 bytes)
Event: 11.168 Thread 0x00007f23600bd000 nmethod 2089% 0x00007f23516b23d0 code [0x00007f23516b2580, 0x00007f23516b2a78]
Event: 11.200 Thread 0x00007f23600bd000 2090       1       com.android.dx.ssa.LiteralOpUpgrader$1::visitPhiInsn (1 bytes)
Event: 11.200 Thread 0x00007f23600bd000 nmethod 2090 0x00007f23516b2d10 code [0x00007f23516b2e60, 0x00007f23516b2f70]
Event: 11.203 Thread 0x00007f23600bd000 2091       3       com.android.dx.dex.code.BlockAddresses::setupArrays (113 bytes)
Event: 11.205 Thread 0x00007f23600bd000 nmethod 2091 0x00007f23516b2fd0 code [0x00007f23516b32a0, 0x00007f23516b4cb8]
Event: 11.219 Thread 0x00007f23600bd000 2092       3       com.android.dx.dex.code.RopTranslator::outputInstructions (69 bytes)
Event: 11.220 Thread 0x00007f23600bd000 nmethod 2092 0x00007f23516b5ad0 code [0x00007f23516b5c60, 0x00007f23516b60b8]

GC Heap History (10 events):
Event: 3.492 GC heap after
Heap after GC invocations=2 (full 0):
 PSYoungGen      total 34304K, used 2551K [0x00000000eab00000, 0x00000000ecf00000, 0x0000000100000000)
  eden space 31744K, 0% used [0x00000000eab00000,0x00000000eab00000,0x00000000eca00000)
  from space 2560K, 99% used [0x00000000ecc80000,0x00000000ecefdc78,0x00000000ecf00000)
  to   space 2560K, 0% used [0x00000000eca00000,0x00000000eca00000,0x00000000ecc80000)
 ParOldGen       total 42496K, used 2658K [0x00000000c0000000, 0x00000000c2980000, 0x00000000eab00000)
  object space 42496K, 6% used [0x00000000c0000000,0x00000000c0298900,0x00000000c2980000)
 Metaspace       used 5670K, capacity 6768K, committed 7040K, reserved 1056768K
  class space    used 580K, capacity 616K, committed 640K, reserved 1048576K
}
Event: 5.072 GC heap before
{Heap before GC invocations=3 (full 0):
 PSYoungGen      total 34304K, used 34295K [0x00000000eab00000, 0x00000000ecf00000, 0x0000000100000000)
  eden space 31744K, 100% used [0x00000000eab00000,0x00000000eca00000,0x00000000eca00000)
  from space 2560K, 99% used [0x00000000ecc80000,0x00000000ecefdc78,0x00000000ecf00000)
  to   space 2560K, 0% used [0x00000000eca00000,0x00000000eca00000,0x00000000ecc80000)
 ParOldGen       total 42496K, used 2658K [0x00000000c0000000, 0x00000000c2980000, 0x00000000eab00000)
  object space 42496K, 6% used [0x00000000c0000000,0x00000000c0298900,0x00000000c2980000)
 Metaspace       used 5734K, capacity 6832K, committed 7040K, reserved 1056768K
  class space    used 580K, capacity 616K, committed 640K, reserved 1048576K
Event: 5.173 GC heap after
Heap after GC invocations=3 (full 0):
 PSYoungGen      total 34304K, used 2551K [0x00000000eab00000, 0x00000000eee00000, 0x0000000100000000)
  eden space 31744K, 0% used [0x00000000eab00000,0x00000000eab00000,0x00000000eca00000)
  from space 2560K, 99% used [0x00000000eca00000,0x00000000ecc7dd48,0x00000000ecc80000)
  to   space 2560K, 0% used [0x00000000eeb80000,0x00000000eeb80000,0x00000000eee00000)
 ParOldGen       total 42496K, used 8190K [0x00000000c0000000, 0x00000000c2980000, 0x00000000eab00000)
  object space 42496K, 19% used [0x00000000c0000000,0x00000000c07ff970,0x00000000c2980000)
 Metaspace       used 5734K, capacity 6832K, committed 7040K, reserved 1056768K
  class space    used 580K, capacity 616K, committed 640K, reserved 1048576K
}
Event: 6.095 GC heap before
{Heap before GC invocations=4 (full 0):
 PSYoungGen      total 34304K, used 34295K [0x00000000eab00000, 0x00000000eee00000, 0x0000000100000000)
  eden space 31744K, 100% used [0x00000000eab00000,0x00000000eca00000,0x00000000eca00000)
  from space 2560K, 99% used [0x00000000eca00000,0x00000000ecc7dd48,0x00000000ecc80000)
  to   space 2560K, 0% used [0x00000000eeb80000,0x00000000eeb80000,0x00000000eee00000)
 ParOldGen       total 42496K, used 8190K [0x00000000c0000000, 0x00000000c2980000, 0x00000000eab00000)
  object space 42496K, 19% used [0x00000000c0000000,0x00000000c07ff970,0x00000000c2980000)
 Metaspace       used 5770K, capacity 6896K, committed 7040K, reserved 1056768K
  class space    used 580K, capacity 616K, committed 640K, reserved 1048576K
Event: 6.178 GC heap after
Heap after GC invocations=4 (full 0):
 PSYoungGen      total 66048K, used 2533K [0x00000000eab00000, 0x00000000eee00000, 0x0000000100000000)
  eden space 63488K, 0% used [0x00000000eab00000,0x00000000eab00000,0x00000000ee900000)
  from space 2560K, 98% used [0x00000000eeb80000,0x00000000eedf9760,0x00000000eee00000)
  to   space 2560K, 0% used [0x00000000ee900000,0x00000000ee900000,0x00000000eeb80000)
 ParOldGen       total 42496K, used 13109K [0x00000000c0000000, 0x00000000c2980000, 0x00000000eab00000)
  object space 42496K, 30% used [0x00000000c0000000,0x00000000c0ccd4b8,0x00000000c2980000)
 Metaspace       used 5770K, capacity 6896K, committed 7040K, reserved 1056768K
  class space    used 580K, capacity 616K, committed 640K, reserved 1048576K
}
Event: 7.717 GC heap before
{Heap before GC invocations=5 (full 0):
 PSYoungGen      total 66048K, used 66021K [0x00000000eab00000, 0x00000000eee00000, 0x0000000100000000)
  eden space 63488K, 100% used [0x00000000eab00000,0x00000000ee900000,0x00000000ee900000)
  from space 2560K, 98% used [0x00000000eeb80000,0x00000000eedf9760,0x00000000eee00000)
  to   space 2560K, 0% used [0x00000000ee900000,0x00000000ee900000,0x00000000eeb80000)
 ParOldGen       total 42496K, used 13109K [0x00000000c0000000, 0x00000000c2980000, 0x00000000eab00000)
  object space 42496K, 30% used [0x00000000c0000000,0x00000000c0ccd4b8,0x00000000c2980000)
 Metaspace       used 5824K, capacity 6960K, committed 7040K, reserved 1056768K
  class space    used 581K, capacity 616K, committed 640K, reserved 1048576K
Event: 7.904 GC heap after
Heap after GC invocations=5 (full 0):
 PSYoungGen      total 66048K, used 2546K [0x00000000eab00000, 0x00000000f4100000, 0x0000000100000000)
  eden space 63488K, 0% used [0x00000000eab00000,0x00000000eab00000,0x00000000ee900000)
  from space 2560K, 99% used [0x00000000ee900000,0x00000000eeb7c828,0x00000000eeb80000)
  to   space 13312K, 0% used [0x00000000f3400000,0x00000000f3400000,0x00000000f4100000)
 ParOldGen       total 42496K, used 22609K [0x00000000c0000000, 0x00000000c2980000, 0x00000000eab00000)
  object space 42496K, 53% used [0x00000000c0000000,0x00000000c1614450,0x00000000c2980000)
 Metaspace       used 5824K, capacity 6960K, committed 7040K, reserved 1056768K
  class space    used 581K, capacity 616K, committed 640K, reserved 1048576K
}
Event: 8.885 GC heap before
{Heap before GC invocations=6 (full 0):
 PSYoungGen      total 66048K, used 66034K [0x00000000eab00000, 0x00000000f4100000, 0x0000000100000000)
  eden space 63488K, 100% used [0x00000000eab00000,0x00000000ee900000,0x00000000ee900000)
  from space 2560K, 99% used [0x00000000ee900000,0x00000000eeb7c828,0x00000000eeb80000)
  to   space 13312K, 0% used [0x00000000f3400000,0x00000000f3400000,0x00000000f4100000)
 ParOldGen       total 42496K, used 22609K [0x00000000c0000000, 0x00000000c2980000, 0x00000000eab00000)
  object space 42496K, 53% used [0x00000000c0000000,0x00000000c1614450,0x00000000c2980000)
 Metaspace       used 5921K, capacity 6960K, committed 7040K, reserved 1056768K
  class space    used 600K, capacity 616K, committed 640K, reserved 1048576K
Event: 9.022 GC heap after
Heap after GC invocations=6 (full 0):
 PSYoungGen      total 138752K, used 11201K [0x00000000eab00000, 0x00000000f4400000, 0x0000000100000000)
  eden space 125440K, 0% used [0x00000000eab00000,0x00000000eab00000,0x00000000f2580000)
  from space 13312K, 84% used [0x00000000f3400000,0x00000000f3ef0648,0x00000000f4100000)
  to   space 14848K, 0% used [0x00000000f2580000,0x00000000f2580000,0x00000000f3400000)
 ParOldGen       total 42496K, used 22609K [0x00000000c0000000, 0x00000000c2980000, 0x00000000eab00000)
  object space 42496K, 53% used [0x00000000c0000000,0x00000000c1614450,0x00000000c2980000)
 Metaspace       used 5921K, capacity 6960K, committed 7040K, reserved 1056768K
  class space    used 600K, capacity 616K, committed 640K, reserved 1048576K
}
Event: 11.299 GC heap before
{Heap before GC invocations=7 (full 0):
 PSYoungGen      total 138752K, used 136641K [0x00000000eab00000, 0x00000000f4400000, 0x0000000100000000)
  eden space 125440K, 100% used [0x00000000eab00000,0x00000000f2580000,0x00000000f2580000)
  from space 13312K, 84% used [0x00000000f3400000,0x00000000f3ef0648,0x00000000f4100000)
  to   space 14848K, 0% used [0x00000000f2580000,0x00000000f2580000,0x00000000f3400000)
 ParOldGen       total 42496K, used 22609K [0x00000000c0000000, 0x00000000c2980000, 0x00000000eab00000)
  object space 42496K, 53% used [0x00000000c0000000,0x00000000c1614450,0x00000000c2980000)
 Metaspace       used 6170K, capacity 7152K, committed 7296K, reserved 1056768K
  class space    used 601K, capacity 616K, committed 640K, reserved 1048576K

Deoptimization events (10 events):
Event: 5.249 Thread 0x00007f2360183800 Uncommon trap: reason=bimorphic action=maybe_recompile pc=0x00007f2351220470 method=java.util.HashMap.getNode(ILjava/lang/Object;)Ljava/util/HashMap$Node; @ 126
Event: 5.249 Thread 0x00007f2360183800 Uncommon trap: reason=bimorphic action=maybe_recompile pc=0x00007f2351216a00 method=java.util.HashMap.getNode(ILjava/lang/Object;)Ljava/util/HashMap$Node; @ 126
Event: 5.838 Thread 0x00007f236000a000 Uncommon trap: reason=unstable_if action=reinterpret pc=0x00007f2351375d84 method=com.android.dx.util.IntList.binarysearch(I)I @ 105
Event: 6.368 Thread 0x00007f236000a000 Uncommon trap: reason=unstable_if action=reinterpret pc=0x00007f235132387c method=com.android.dx.ssa.SsaMethod.updateOneDefinition(Lcom/android/dx/ssa/SsaInsn;Lcom/android/dx/rop/code/RegisterSpec;)V @ 4
Event: 8.368 Thread 0x00007f236017c800 Uncommon trap: reason=unstable_if action=reinterpret pc=0x00007f23512e8a20 method=java.util.HashMap.putVal(ILjava/lang/Object;Ljava/lang/Object;ZZ)Ljava/lang/Object; @ 162
Event: 8.437 Thread 0x00007f2360180800 Uncommon trap: reason=unstable_if action=reinterpret pc=0x00007f2351524658 method=com.android.dx.ssa.SCCP.simulateStmt(Lcom/android/dx/ssa/SsaInsn;)V @ 53
Event: 8.443 Thread 0x00007f2360182000 Uncommon trap: reason=unstable_if action=reinterpret pc=0x00007f23514789f4 method=java.util.HashMap.putVal(ILjava/lang/Object;Ljava/lang/Object;ZZ)Ljava/lang/Object; @ 162
Event: 10.142 Thread 0x00007f2360183800 Uncommon trap: reason=unstable_if action=reinterpret pc=0x00007f235132fc48 method=com.android.dx.dex.code.OutputFinisher.hasLocalInfo(Lcom/android/dx/dex/code/DalvInsn;)Z @ 24
Event: 11.118 Thread 0x00007f2360180800 Uncommon trap: reason=bimorphic action=maybe_recompile pc=0x00007f235163d4e4 method=com.android.dx.cf.code.BytecodeArray.parseInstruction(ILcom/android/dx/cf/code/BytecodeArray$Visitor;)I @ 1287
Event: 11.118 Thread 0x00007f2360180800 Uncommon trap: reason=bimorphic action=maybe_recompile pc=0x00007f235163d4e4 method=com.android.dx.cf.code.BytecodeArray.parseInstruction(ILcom/android/dx/cf/code/BytecodeArray$Visitor;)I @ 1287

Internal exceptions (5 events):
Event: 0.355 Thread 0x00007f236000a000 Exception <a 'java/lang/NoSuchMethodError': Method sun.misc.Unsafe.defineClass(Ljava/lang/String;[BII)Ljava/lang/Class; name or signature does not match> (0x00000000eab07cc0) thrown at [/HUDSON3/workspace/8-2-build-linux-amd64/jdk8u101/7261/hotspot/src/sh
Event: 0.355 Thread 0x00007f236000a000 Exception <a 'java/lang/NoSuchMethodError': Method sun.misc.Unsafe.prefetchRead(Ljava/lang/Object;J)V name or signature does not match> (0x00000000eab07fa8) thrown at [/HUDSON3/workspace/8-2-build-linux-amd64/jdk8u101/7261/hotspot/src/share/vm/prims/jni.c
Event: 8.371 Thread 0x00007f236017c800 Exception <a 'java/lang/ArrayIndexOutOfBoundsException': 18> (0x00000000ec7e9748) thrown at [/HUDSON3/workspace/8-2-build-linux-amd64/jdk8u101/7261/hotspot/src/share/vm/interpreter/interpreterRuntime.cpp, line 366]
Event: 8.371 Thread 0x00007f236017c800 Exception <a 'java/lang/ArrayIndexOutOfBoundsException': 145> (0x00000000ec7eb2c8) thrown at [/HUDSON3/workspace/8-2-build-linux-amd64/jdk8u101/7261/hotspot/src/share/vm/interpreter/interpreterRuntime.cpp, line 366]
Event: 8.372 Thread 0x00007f236017c800 Exception <a 'java/lang/ArrayIndexOutOfBoundsException': 40> (0x00000000ec7ec5b0) thrown at [/HUDSON3/workspace/8-2-build-linux-amd64/jdk8u101/7261/hotspot/src/share/vm/interpreter/interpreterRuntime.cpp, line 366]

Events (10 events):
Event: 11.118 Thread 0x00007f2360180800 Uncommon trap: trap_request=0xffffffc6 fr.pc=0x00007f235163d4e4
Event: 11.118 Thread 0x00007f2360180800 DEOPT PACKING pc=0x00007f235163d4e4 sp=0x00007f23479f7970
Event: 11.118 Thread 0x00007f2360180800 DEOPT UNPACKING pc=0x00007f2351005229 sp=0x00007f23479f7938 mode 2
Event: 11.140 Thread 0x00007f2360180800 Thread exited: 0x00007f2360180800
Event: 11.141 Thread 0x00007f2360183800 Thread exited: 0x00007f2360183800
Event: 11.203 Thread 0x00007f2360182000 DEOPT PACKING pc=0x00007f23514da1ec sp=0x00007f23478f6ff0
Event: 11.220 Thread 0x00007f236017c800 DEOPT PACKING pc=0x00007f23514d96ed sp=0x00007f2347bf9fd0
Event: 11.220 Thread 0x00007f236017c800 DEOPT UNPACKING pc=0x00007f2351047633 sp=0x00007f2347bf9d28 mode 0
Event: 11.239 Thread 0x00007f2360182000 DEOPT UNPACKING pc=0x00007f2351047633 sp=0x00007f23478f6dd8 mode 0
Event: 11.295 Executing VM operation: ParallelGCFailedAllocation


Dynamic libraries:
00400000-00401000 r-xp 00000000 08:02 5904956                            /usr/lib/jvm/java-8-oracle/bin/java
00600000-00601000 rw-p 00000000 08:02 5904956                            /usr/lib/jvm/java-8-oracle/bin/java
0251c000-0253d000 rw-p 00000000 00:00 0                                  [heap]
c0000000-c2980000 rw-p 00000000 00:00 0 
c2980000-eab00000 ---p 00000000 00:00 0 
eab00000-f4400000 rw-p 00000000 00:00 0 
fce00000-100000000 ---p 00000000 00:00 0 
100000000-1000a0000 rw-p 00000000 00:00 0 
1000a0000-140000000 ---p 00000000 00:00 0 
7f2300000000-7f2300021000 rw-p 00000000 00:00 0 
7f2300021000-7f2304000000 ---p 00000000 00:00 0 
7f2304000000-7f2304021000 rw-p 00000000 00:00 0 
7f2304021000-7f2308000000 ---p 00000000 00:00 0 
7f2308000000-7f2308021000 rw-p 00000000 00:00 0 
7f2308021000-7f230c000000 ---p 00000000 00:00 0 
7f230c000000-7f230c027000 rw-p 00000000 00:00 0 
7f230c027000-7f2310000000 ---p 00000000 00:00 0 
7f2310000000-7f2310021000 rw-p 00000000 00:00 0 
7f2310021000-7f2314000000 ---p 00000000 00:00 0 
7f2314000000-7f2314042000 rw-p 00000000 00:00 0 
7f2314042000-7f2318000000 ---p 00000000 00:00 0 
7f2318000000-7f2318a6f000 rw-p 00000000 00:00 0 
7f2318a6f000-7f231c000000 ---p 00000000 00:00 0 
7f231c000000-7f231c021000 rw-p 00000000 00:00 0 
7f231c021000-7f2320000000 ---p 00000000 00:00 0 
7f2320000000-7f2320988000 rw-p 00000000 00:00 0 
7f2320988000-7f2324000000 ---p 00000000 00:00 0 
7f2324000000-7f2324b35000 rw-p 00000000 00:00 0 
7f2324b35000-7f2328000000 ---p 00000000 00:00 0 
7f2328000000-7f2328021000 rw-p 00000000 00:00 0 
7f2328021000-7f232c000000 ---p 00000000 00:00 0 
7f232c000000-7f232c021000 rw-p 00000000 00:00 0 
7f232c021000-7f2330000000 ---p 00000000 00:00 0 
7f2330000000-7f233028d000 rw-p 00000000 00:00 0 
7f233028d000-7f2334000000 ---p 00000000 00:00 0 
7f2334000000-7f2334021000 rw-p 00000000 00:00 0 
7f2334021000-7f2338000000 ---p 00000000 00:00 0 
7f2338000000-7f2338021000 rw-p 00000000 00:00 0 
7f2338021000-7f233c000000 ---p 00000000 00:00 0 
7f233c000000-7f233c021000 rw-p 00000000 00:00 0 
7f233c021000-7f2340000000 ---p 00000000 00:00 0 
7f2340000000-7f2340021000 rw-p 00000000 00:00 0 
7f2340021000-7f2344000000 ---p 00000000 00:00 0 
7f23476f7000-7f23476fa000 ---p 00000000 00:00 0 
7f23476fa000-7f23477f8000 rw-p 00000000 00:00 0 
7f23477f8000-7f23477fb000 ---p 00000000 00:00 0 
7f23477fb000-7f23478f9000 rw-p 00000000 00:00 0 
7f23478f9000-7f23478fc000 ---p 00000000 00:00 0 
7f23478fc000-7f23479fa000 rw-p 00000000 00:00 0 
7f23479fa000-7f23479fd000 ---p 00000000 00:00 0 
7f23479fd000-7f2347afb000 rw-p 00000000 00:00 0 
7f2347afb000-7f2347afe000 ---p 00000000 00:00 0 
7f2347afe000-7f2347bfc000 rw-p 00000000 00:00 0 
7f2347bfc000-7f2347bfd000 ---p 00000000 00:00 0 
7f2347bfd000-7f2347cfd000 rw-p 00000000 00:00 0 
7f2347cfd000-7f2347d00000 ---p 00000000 00:00 0 
7f2347d00000-7f2347dfe000 rw-p 00000000 00:00 0 
7f2347dfe000-7f2347e01000 ---p 00000000 00:00 0 
7f2347e01000-7f2347eff000 rw-p 00000000 00:00 0 
7f2347eff000-7f2347f02000 ---p 00000000 00:00 0 
7f2347f02000-7f2348000000 rw-p 00000000 00:00 0 
7f2348000000-7f2348021000 rw-p 00000000 00:00 0 
7f2348021000-7f234c000000 ---p 00000000 00:00 0 
7f234c08b000-7f234c08e000 ---p 00000000 00:00 0 
7f234c08e000-7f234c18c000 rw-p 00000000 00:00 0 
7f234c18c000-7f234c18f000 ---p 00000000 00:00 0 
7f234c18f000-7f234c28d000 rw-p 00000000 00:00 0 
7f234c28d000-7f234caa0000 r--p 00000000 08:02 5249478                    /usr/lib/locale/locale-archive
7f234caa0000-7f234caa3000 ---p 00000000 00:00 0 
7f234caa3000-7f234cba1000 rw-p 00000000 00:00 0 
7f234cba1000-7f234cba4000 ---p 00000000 00:00 0 
7f234cba4000-7f234cca2000 rw-p 00000000 00:00 0 
7f234cca2000-7f234cca3000 ---p 00000000 00:00 0 
7f234cca3000-7f234dd57000 rw-p 00000000 00:00 0 
7f234dd57000-7f234df30000 r--s 03d29000 08:02 5256269                    /usr/lib/jvm/java-8-oracle/jre/lib/rt.jar
7f234df30000-7f234e626000 rw-p 00000000 00:00 0 
7f234e626000-7f234e7a6000 ---p 00000000 00:00 0 
7f234e7a6000-7f23509a6000 rw-p 00000000 00:00 0 
7f23509a6000-7f23509a7000 ---p 00000000 00:00 0 
7f23509a7000-7f2350aa7000 rw-p 00000000 00:00 0 
7f2350aa7000-7f2350aa8000 ---p 00000000 00:00 0 
7f2350aa8000-7f2350ba8000 rw-p 00000000 00:00 0 
7f2350ba8000-7f2350ba9000 ---p 00000000 00:00 0 
7f2350ba9000-7f2350cbe000 rw-p 00000000 00:00 0 
7f2350cbe000-7f2350dff000 ---p 00000000 00:00 0 
7f2350dff000-7f2350e14000 rw-p 00000000 00:00 0 
7f2350e14000-7f2350f54000 ---p 00000000 00:00 0 
7f2350f54000-7f2350fa1000 rw-p 00000000 00:00 0 
7f2350fa1000-7f2350fff000 ---p 00000000 00:00 0 
7f2350fff000-7f2351000000 rw-p 00000000 00:00 0 
7f2351000000-7f23516c0000 rwxp 00000000 00:00 0 
7f23516c0000-7f2360000000 ---p 00000000 00:00 0 
7f2360000000-7f236039c000 rw-p 00000000 00:00 0 
7f236039c000-7f2364000000 ---p 00000000 00:00 0 
7f2364012000-7f2364020000 r--s 000e0000 08:02 3025845                    /home/willardpc/Android/Sdk/build-tools/24.0.2/lib/dx.jar
7f2364020000-7f2364021000 ---p 00000000 00:00 0 
7f2364021000-7f236413c000 rw-p 00000000 00:00 0 
7f236413c000-7f23644e1000 ---p 00000000 00:00 0 
7f23644e1000-7f23644fb000 r-xp 00000000 08:02 5512754                    /usr/lib/jvm/java-8-oracle/jre/lib/amd64/libzip.so
7f23644fb000-7f23646fb000 ---p 0001a000 08:02 5512754                    /usr/lib/jvm/java-8-oracle/jre/lib/amd64/libzip.so
7f23646fb000-7f23646fc000 rw-p 0001a000 08:02 5512754                    /usr/lib/jvm/java-8-oracle/jre/lib/amd64/libzip.so
7f23646fc000-7f2364706000 r-xp 00000000 08:02 4980839                    /lib/x86_64-linux-gnu/libnss_files-2.19.so
7f2364706000-7f2364905000 ---p 0000a000 08:02 4980839                    /lib/x86_64-linux-gnu/libnss_files-2.19.so
7f2364905000-7f2364906000 r--p 00009000 08:02 4980839                    /lib/x86_64-linux-gnu/libnss_files-2.19.so
7f2364906000-7f2364907000 rw-p 0000a000 08:02 4980839                    /lib/x86_64-linux-gnu/libnss_files-2.19.so
7f2364907000-7f2364912000 r-xp 00000000 08:02 4980831                    /lib/x86_64-linux-gnu/libnss_nis-2.19.so
7f2364912000-7f2364b11000 ---p 0000b000 08:02 4980831                    /lib/x86_64-linux-gnu/libnss_nis-2.19.so
7f2364b11000-7f2364b12000 r--p 0000a000 08:02 4980831                    /lib/x86_64-linux-gnu/libnss_nis-2.19.so
7f2364b12000-7f2364b13000 rw-p 0000b000 08:02 4980831                    /lib/x86_64-linux-gnu/libnss_nis-2.19.so
7f2364b13000-7f2364b2a000 r-xp 00000000 08:02 4980827                    /lib/x86_64-linux-gnu/libnsl-2.19.so
7f2364b2a000-7f2364d29000 ---p 00017000 08:02 4980827                    /lib/x86_64-linux-gnu/libnsl-2.19.so
7f2364d29000-7f2364d2a000 r--p 00016000 08:02 4980827                    /lib/x86_64-linux-gnu/libnsl-2.19.so
7f2364d2a000-7f2364d2b000 rw-p 00017000 08:02 4980827                    /lib/x86_64-linux-gnu/libnsl-2.19.so
7f2364d2b000-7f2364d2d000 rw-p 00000000 00:00 0 
7f2364d2d000-7f2364d36000 r-xp 00000000 08:02 4980826                    /lib/x86_64-linux-gnu/libnss_compat-2.19.so
7f2364d36000-7f2364f35000 ---p 00009000 08:02 4980826                    /lib/x86_64-linux-gnu/libnss_compat-2.19.so
7f2364f35000-7f2364f36000 r--p 00008000 08:02 4980826                    /lib/x86_64-linux-gnu/libnss_compat-2.19.so
7f2364f36000-7f2364f37000 rw-p 00009000 08:02 4980826                    /lib/x86_64-linux-gnu/libnss_compat-2.19.so
7f2364f37000-7f2364f61000 r-xp 00000000 08:02 5512711                    /usr/lib/jvm/java-8-oracle/jre/lib/amd64/libjava.so
7f2364f61000-7f2365161000 ---p 0002a000 08:02 5512711                    /usr/lib/jvm/java-8-oracle/jre/lib/amd64/libjava.so
7f2365161000-7f2365163000 rw-p 0002a000 08:02 5512711                    /usr/lib/jvm/java-8-oracle/jre/lib/amd64/libjava.so
7f2365163000-7f2365170000 r-xp 00000000 08:02 5512720                    /usr/lib/jvm/java-8-oracle/jre/lib/amd64/libverify.so
7f2365170000-7f2365370000 ---p 0000d000 08:02 5512720                    /usr/lib/jvm/java-8-oracle/jre/lib/amd64/libverify.so
7f2365370000-7f2365372000 rw-p 0000d000 08:02 5512720                    /usr/lib/jvm/java-8-oracle/jre/lib/amd64/libverify.so
7f2365372000-7f2365379000 r-xp 00000000 08:02 4980835                    /lib/x86_64-linux-gnu/librt-2.19.so
7f2365379000-7f2365578000 ---p 00007000 08:02 4980835                    /lib/x86_64-linux-gnu/librt-2.19.so
7f2365578000-7f2365579000 r--p 00006000 08:02 4980835                    /lib/x86_64-linux-gnu/librt-2.19.so
7f2365579000-7f236557a000 rw-p 00007000 08:02 4980835                    /lib/x86_64-linux-gnu/librt-2.19.so
7f236557a000-7f236567f000 r-xp 00000000 08:02 4980755                    /lib/x86_64-linux-gnu/libm-2.19.so
7f236567f000-7f236587e000 ---p 00105000 08:02 4980755                    /lib/x86_64-linux-gnu/libm-2.19.so
7f236587e000-7f236587f000 r--p 00104000 08:02 4980755                    /lib/x86_64-linux-gnu/libm-2.19.so
7f236587f000-7f2365880000 rw-p 00105000 08:02 4980755                    /lib/x86_64-linux-gnu/libm-2.19.so
7f2365880000-7f236654b000 r-xp 00000000 08:02 5514318                    /usr/lib/jvm/java-8-oracle/jre/lib/amd64/server/libjvm.so
7f236654b000-7f236674a000 ---p 00ccb000 08:02 5514318                    /usr/lib/jvm/java-8-oracle/jre/lib/amd64/server/libjvm.so
7f236674a000-7f2366823000 rw-p 00cca000 08:02 5514318                    /usr/lib/jvm/java-8-oracle/jre/lib/amd64/server/libjvm.so
7f2366823000-7f236686e000 rw-p 00000000 00:00 0 
7f236686e000-7f2366a28000 r-xp 00000000 08:02 4980836                    /lib/x86_64-linux-gnu/libc-2.19.so
7f2366a28000-7f2366c28000 ---p 001ba000 08:02 4980836                    /lib/x86_64-linux-gnu/libc-2.19.so
7f2366c28000-7f2366c2c000 r--p 001ba000 08:02 4980836                    /lib/x86_64-linux-gnu/libc-2.19.so
7f2366c2c000-7f2366c2e000 rw-p 001be000 08:02 4980836                    /lib/x86_64-linux-gnu/libc-2.19.so
7f2366c2e000-7f2366c33000 rw-p 00000000 00:00 0 
7f2366c33000-7f2366c36000 r-xp 00000000 08:02 4980765                    /lib/x86_64-linux-gnu/libdl-2.19.so
7f2366c36000-7f2366e35000 ---p 00003000 08:02 4980765                    /lib/x86_64-linux-gnu/libdl-2.19.so
7f2366e35000-7f2366e36000 r--p 00002000 08:02 4980765                    /lib/x86_64-linux-gnu/libdl-2.19.so
7f2366e36000-7f2366e37000 rw-p 00003000 08:02 4980765                    /lib/x86_64-linux-gnu/libdl-2.19.so
7f2366e37000-7f2366e4c000 r-xp 00000000 08:02 5776995                    /usr/lib/jvm/java-8-oracle/lib/amd64/jli/libjli.so
7f2366e4c000-7f236704c000 ---p 00015000 08:02 5776995                    /usr/lib/jvm/java-8-oracle/lib/amd64/jli/libjli.so
7f236704c000-7f236704d000 rw-p 00015000 08:02 5776995                    /usr/lib/jvm/java-8-oracle/lib/amd64/jli/libjli.so
7f236704d000-7f2367066000 r-xp 00000000 08:02 4980828                    /lib/x86_64-linux-gnu/libpthread-2.19.so
7f2367066000-7f2367265000 ---p 00019000 08:02 4980828                    /lib/x86_64-linux-gnu/libpthread-2.19.so
7f2367265000-7f2367266000 r--p 00018000 08:02 4980828                    /lib/x86_64-linux-gnu/libpthread-2.19.so
7f2367266000-7f2367267000 rw-p 00019000 08:02 4980828                    /lib/x86_64-linux-gnu/libpthread-2.19.so
7f2367267000-7f236726b000 rw-p 00000000 00:00 0 
7f236726b000-7f236728e000 r-xp 00000000 08:02 4980829                    /lib/x86_64-linux-gnu/ld-2.19.so
7f2367295000-7f2367367000 rw-p 00000000 00:00 0 
7f2367367000-7f236736a000 ---p 00000000 00:00 0 
7f236736a000-7f2367481000 rw-p 00000000 00:00 0 
7f2367481000-7f2367489000 rw-s 00000000 08:02 8401238                    /tmp/hsperfdata_willardpc/6833
7f2367489000-7f236748a000 rw-p 00000000 00:00 0 
7f236748a000-7f236748b000 ---p 00000000 00:00 0 
7f236748b000-7f236748d000 rw-p 00000000 00:00 0 
7f236748d000-7f236748e000 r--p 00022000 08:02 4980829                    /lib/x86_64-linux-gnu/ld-2.19.so
7f236748e000-7f236748f000 rw-p 00023000 08:02 4980829                    /lib/x86_64-linux-gnu/ld-2.19.so
7f236748f000-7f2367490000 rw-p 00000000 00:00 0 
7ffe66adf000-7ffe66b00000 rw-p 00000000 00:00 0                          [stack]
7ffe66be7000-7ffe66be9000 r--p 00000000 00:00 0                          [vvar]
7ffe66be9000-7ffe66beb000 r-xp 00000000 00:00 0                          [vdso]
ffffffffff600000-ffffffffff601000 r-xp 00000000 00:00 0                  [vsyscall]

VM Arguments:
jvm_args: -Djava.awt.headless=true -Xmx1024M -Dfile.encoding=UTF-8 -Duser.country=US -Duser.language=en -Duser.variant 
java_command: com.android.dx.command.Main --dex --force-jumbo --num-threads=4 --output /home/willardpc/androidwork/MangaForum/app/build/intermediates/pre-dexed/debug/com.android.support-appcompat-v7-24.2.1_94f3db87e4b0cbe638bf8631f2c9385eea9d3d16.jar /home/willardpc/androidwork/MangaForum/app/build/intermediates/exploded-aar/com.android.support/appcompat-v7/24.2.1/jars/classes.jar
java_class_path (initial): /home/willardpc/Android/Sdk/build-tools/24.0.2/lib/dx.jar
Launcher Type: SUN_STANDARD

Environment Variables:
JAVA_HOME=/usr/lib/jvm/java-8-oracle
PATH=/usr/local/sbin:/usr/local/bin:/usr/sbin:/usr/bin:/sbin:/bin:/usr/games:/usr/local/games:/usr/lib/jvm/java-8-oracle/bin:/usr/lib/jvm/java-8-oracle/db/bin:/usr/lib/jvm/java-8-oracle/jre/bin
SHELL=/bin/bash
DISPLAY=:0

Signal Handlers:
SIGSEGV: [libjvm.so+0xac4790], sa_mask[0]=11111111011111111101111111111110, sa_flags=SA_RESTART|SA_SIGINFO
SIGBUS: [libjvm.so+0xac4790], sa_mask[0]=11111111011111111101111111111110, sa_flags=SA_RESTART|SA_SIGINFO
SIGFPE: [libjvm.so+0x91f140], sa_mask[0]=11111111011111111101111111111110, sa_flags=SA_RESTART|SA_SIGINFO
SIGPIPE: [libjvm.so+0x91f140], sa_mask[0]=11111111011111111101111111111110, sa_flags=SA_RESTART|SA_SIGINFO
SIGXFSZ: [libjvm.so+0x91f140], sa_mask[0]=11111111011111111101111111111110, sa_flags=SA_RESTART|SA_SIGINFO
SIGILL: [libjvm.so+0x91f140], sa_mask[0]=11111111011111111101111111111110, sa_flags=SA_RESTART|SA_SIGINFO
SIGUSR1: SIG_DFL, sa_mask[0]=00000000000000000000000000000000, sa_flags=none
SIGUSR2: [libjvm.so+0x920770], sa_mask[0]=00100000000000000000000000000000, sa_flags=SA_RESTART|SA_SIGINFO
SIGHUP: [libjvm.so+0x921b70], sa_mask[0]=11111111011111111101111111111110, sa_flags=SA_RESTART|SA_SIGINFO
SIGINT: [libjvm.so+0x921b70], sa_mask[0]=11111111011111111101111111111110, sa_flags=SA_RESTART|SA_SIGINFO
SIGTERM: [libjvm.so+0x921b70], sa_mask[0]=11111111011111111101111111111110, sa_flags=SA_RESTART|SA_SIGINFO
SIGQUIT: [libjvm.so+0x921b70], sa_mask[0]=11111111011111111101111111111110, sa_flags=SA_RESTART|SA_SIGINFO


---------------  S Y S T E M  ---------------

OS:DISTRIB_ID=Ubuntu
DISTRIB_RELEASE=14.04
DISTRIB_CODENAME=trusty
DISTRIB_DESCRIPTION="Ubuntu 14.04.5 LTS"

uname:Linux 4.4.0-36-generic #55~14.04.1-Ubuntu SMP Fri Aug 12 11:49:30 UTC 2016 x86_64
libc:glibc 2.19 NPTL 2.19 
rlimit: STACK 8192k, CORE 0k, NPROC 15291, NOFILE 4096, AS infinity
load average:5.27 1.67 1.10

/proc/meminfo:
MemTotal:        3936780 kB
MemFree:          141588 kB
MemAvailable:      77672 kB
Buffers:            6668 kB
Cached:           233624 kB
SwapCached:            0 kB
Active:          3459048 kB
Inactive:         180068 kB
Active(anon):    3416204 kB
Inactive(anon):   145092 kB
Active(file):      42844 kB
Inactive(file):    34976 kB
Unevictable:         392 kB
Mlocked:             392 kB
SwapTotal:             0 kB
SwapFree:              0 kB
Dirty:              3148 kB
Writeback:             0 kB
AnonPages:       3398968 kB
Mapped:           105916 kB
Shmem:            162672 kB
Slab:              72292 kB
SReclaimable:      36636 kB
SUnreclaim:        35656 kB
KernelStack:       10992 kB
PageTables:        38744 kB
NFS_Unstable:          0 kB
Bounce:                0 kB
WritebackTmp:          0 kB
CommitLimit:     1968388 kB
Committed_AS:    7306436 kB
VmallocTotal:   34359738367 kB
VmallocUsed:           0 kB
VmallocChunk:          0 kB
HardwareCorrupted:     0 kB
AnonHugePages:   1478656 kB
CmaTotal:              0 kB
CmaFree:               0 kB
HugePages_Total:       0
HugePages_Free:        0
HugePages_Rsvd:        0
HugePages_Surp:        0
Hugepagesize:       2048 kB
DirectMap4k:      118528 kB
DirectMap2M:     3966976 kB


CPU:total 4 (2 cores per cpu, 2 threads per core) family 6 model 42 stepping 7, cmov, cx8, fxsr, mmx, sse, sse2, sse3, ssse3, sse4.1, sse4.2, popcnt, avx, clmul, ht, tsc, tscinvbit

/proc/cpuinfo:
processor	: 0
vendor_id	: GenuineIntel
cpu family	: 6
model		: 42
model name	: Intel(R) Core(TM) i3-2348M CPU @ 2.30GHz
stepping	: 7
microcode	: 0x28
cpu MHz		: 2099.917
cache size	: 3072 KB
physical id	: 0
siblings	: 4
core id		: 0
cpu cores	: 2
apicid		: 0
initial apicid	: 0
fpu		: yes
fpu_exception	: yes
cpuid level	: 13
wp		: yes
flags		: fpu vme de pse tsc msr pae mce cx8 apic sep mtrr pge mca cmov pat pse36 clflush dts acpi mmx fxsr sse sse2 ss ht tm pbe syscall nx rdtscp lm constant_tsc arch_perfmon pebs bts rep_good nopl xtopology nonstop_tsc aperfmperf eagerfpu pni pclmulqdq dtes64 monitor ds_cpl vmx est tm2 ssse3 cx16 xtpr pdcm pcid sse4_1 sse4_2 x2apic popcnt tsc_deadline_timer xsave avx lahf_lm epb tpr_shadow vnmi flexpriority ept vpid xsaveopt dtherm arat pln pts
bugs		:
bogomips	: 4589.28
clflush size	: 64
cache_alignment	: 64
address sizes	: 36 bits physical, 48 bits virtual
power management:

processor	: 1
vendor_id	: GenuineIntel
cpu family	: 6
model		: 42
model name	: Intel(R) Core(TM) i3-2348M CPU @ 2.30GHz
stepping	: 7
microcode	: 0x28
cpu MHz		: 2099.917
cache size	: 3072 KB
physical id	: 0
siblings	: 4
core id		: 0
cpu cores	: 2
apicid		: 1
initial apicid	: 1
fpu		: yes
fpu_exception	: yes
cpuid level	: 13
wp		: yes
flags		: fpu vme de pse tsc msr pae mce cx8 apic sep mtrr pge mca cmov pat pse36 clflush dts acpi mmx fxsr sse sse2 ss ht tm pbe syscall nx rdtscp lm constant_tsc arch_perfmon pebs bts rep_good nopl xtopology nonstop_tsc aperfmperf eagerfpu pni pclmulqdq dtes64 monitor ds_cpl vmx est tm2 ssse3 cx16 xtpr pdcm pcid sse4_1 sse4_2 x2apic popcnt tsc_deadline_timer xsave avx lahf_lm epb tpr_shadow vnmi flexpriority ept vpid xsaveopt dtherm arat pln pts
bugs		:
bogomips	: 4589.28
clflush size	: 64
cache_alignment	: 64
address sizes	: 36 bits physical, 48 bits virtual
power management:

processor	: 2
vendor_id	: GenuineIntel
cpu family	: 6
model		: 42
model name	: Intel(R) Core(TM) i3-2348M CPU @ 2.30GHz
stepping	: 7
microcode	: 0x28
cpu MHz		: 2099.917
cache size	: 3072 KB
physical id	: 0
siblings	: 4
core id		: 1
cpu cores	: 2
apicid		: 2
initial apicid	: 2
fpu		: yes
fpu_exception	: yes
cpuid level	: 13
wp		: yes
flags		: fpu vme de pse tsc msr pae mce cx8 apic sep mtrr pge mca cmov pat pse36 clflush dts acpi mmx fxsr sse sse2 ss ht tm pbe syscall nx rdtscp lm constant_tsc arch_perfmon pebs bts rep_good nopl xtopology nonstop_tsc aperfmperf eagerfpu pni pclmulqdq dtes64 monitor ds_cpl vmx est tm2 ssse3 cx16 xtpr pdcm pcid sse4_1 sse4_2 x2apic popcnt tsc_deadline_timer xsave avx lahf_lm epb tpr_shadow vnmi flexpriority ept vpid xsaveopt dtherm arat pln pts
bugs		:
bogomips	: 4589.28
clflush size	: 64
cache_alignment	: 64
address sizes	: 36 bits physical, 48 bits virtual
power management:

processor	: 3
vendor_id	: GenuineIntel
cpu family	: 6
model		: 42
model name	: Intel(R) Core(TM) i3-2348M CPU @ 2.30GHz
stepping	: 7
microcode	: 0x28
cpu MHz		: 2099.917
cache size	: 3072 KB
physical id	: 0
siblings	: 4
core id		: 1
cpu cores	: 2
apicid		: 3
initial apicid	: 3
fpu		: yes
fpu_exception	: yes
cpuid level	: 13
wp		: yes
flags		: fpu vme de pse tsc msr pae mce cx8 apic sep mtrr pge mca cmov pat pse36 clflush dts acpi mmx fxsr sse sse2 ss ht tm pbe syscall nx rdtscp lm constant_tsc arch_perfmon pebs bts rep_good nopl xtopology nonstop_tsc aperfmperf eagerfpu pni pclmulqdq dtes64 monitor ds_cpl vmx est tm2 ssse3 cx16 xtpr pdcm pcid sse4_1 sse4_2 x2apic popcnt tsc_deadline_timer xsave avx lahf_lm epb tpr_shadow vnmi flexpriority ept vpid xsaveopt dtherm arat pln pts
bugs		:
bogomips	: 4589.28
clflush size	: 64
cache_alignment	: 64
address sizes	: 36 bits physical, 48 bits virtual
power management:



Memory: 4k page, physical 3936780k(141588k free), swap 0k(0k free)

vm_info: Java HotSpot(TM) 64-Bit Server VM (25.101-b13) for linux-amd64 JRE (1.8.0_101-b13), built on Jun 22 2016 02:59:44 by "java_re" with gcc 4.3.0 20080428 (Red Hat 4.3.0-8)

time: Thu Oct  6 22:32:27 2016
elapsed time: 11 seconds (0d 0h 0m 11s)

