#
# There is insufficient memory for the Java Runtime Environment to continue.
# Native memory allocation (mmap) failed to map 69206016 bytes for committing reserved memory.
# Possible reasons:
#   The system is out of physical RAM or swap space
#   In 32 bit mode, the process size limit was hit
# Possible solutions:
#   Reduce memory load on the system
#   Increase physical memory or swap space
#   Check if swap backing store is full
#   Use 64 bit Java on a 64 bit OS
#   Decrease Java heap size (-Xmx/-Xms)
#   Decrease number of Java threads
#   Decrease Java thread stack sizes (-Xss)
#   Set larger code cache with -XX:ReservedCodeCacheSize=
# This output file may be truncated or incomplete.
#
#  Out of Memory Error (os_linux.cpp:2627), pid=13248, tid=0x00007f1c33bfb700
#
# JRE version: Java(TM) SE Runtime Environment (8.0_101-b13) (build 1.8.0_101-b13)
# Java VM: Java HotSpot(TM) 64-Bit Server VM (25.101-b13 mixed mode linux-amd64 compressed oops)
# Failed to write core dump. Core dumps have been disabled. To enable core dumping, try "ulimit -c unlimited" before starting Java again
#

---------------  T H R E A D  ---------------

Current thread (0x00007f1c4c078000):  VMThread [stack: 0x00007f1c33afb000,0x00007f1c33bfc000] [id=13258]

Stack: [0x00007f1c33afb000,0x00007f1c33bfc000],  sp=0x00007f1c33bfa0e0,  free space=1020k
Native frames: (J=compiled Java code, j=interpreted, Vv=VM code, C=native code)
V  [libjvm.so+0xac3f0a]  VMError::report_and_die()+0x2ba
V  [libjvm.so+0x4fbf9b]  report_vm_out_of_memory(char const*, int, unsigned long, VMErrorType, char const*)+0x8b
V  [libjvm.so+0x9222d3]  os::Linux::commit_memory_impl(char*, unsigned long, bool)+0x103
V  [libjvm.so+0x922829]  os::pd_commit_memory(char*, unsigned long, unsigned long, bool)+0x29
V  [libjvm.so+0x91cb2a]  os::commit_memory(char*, unsigned long, unsigned long, bool)+0x2a
V  [libjvm.so+0x991053]  PSVirtualSpace::expand_by(unsigned long)+0x53
V  [libjvm.so+0x992458]  PSYoungGen::resize_generation(unsigned long, unsigned long)+0xf8
V  [libjvm.so+0x9915b2]  PSYoungGen::resize(unsigned long, unsigned long)+0x22
V  [libjvm.so+0x98e88b]  PSScavenge::invoke_no_policy()+0xf3b
V  [libjvm.so+0x98f011]  PSScavenge::invoke()+0x41
V  [libjvm.so+0x945fc0]  ParallelScavengeHeap::failed_mem_allocate(unsigned long)+0x70
V  [libjvm.so+0xac5927]  VM_ParallelGCFailedAllocation::doit()+0x97
V  [libjvm.so+0xacd405]  VM_Operation::evaluate()+0x55
V  [libjvm.so+0xacb7da]  VMThread::evaluate_operation(VM_Operation*)+0xba
V  [libjvm.so+0xacbb5e]  VMThread::loop()+0x1ce
V  [libjvm.so+0xacbfd0]  VMThread::run()+0x70
V  [libjvm.so+0x924698]  java_start(Thread*)+0x108

VM_Operation (0x00007f1c327dacc0): ParallelGCFailedAllocation, mode: safepoint, requested by thread 0x00007f1c4c149000


---------------  P R O C E S S  ---------------

Java Threads: ( => current thread )
  0x00007f1c4c14b000 JavaThread "pool-1-thread-4" [_thread_blocked, id=13271, stack(0x00007f1c325db000,0x00007f1c326dc000)]
  0x00007f1c4c149000 JavaThread "pool-1-thread-3" [_thread_blocked, id=13270, stack(0x00007f1c326dc000,0x00007f1c327dd000)]
  0x00007f1c4c145800 JavaThread "pool-1-thread-2" [_thread_blocked, id=13269, stack(0x00007f1c327dd000,0x00007f1c328de000)]
  0x00007f1c4c144000 JavaThread "pool-2-thread-1" [_thread_blocked, id=13268, stack(0x00007f1c328de000,0x00007f1c329df000)]
  0x00007f1c4c142000 JavaThread "pool-1-thread-1" [_thread_blocked, id=13267, stack(0x00007f1c329df000,0x00007f1c32ae0000)]
  0x00007f1c4c0c8000 JavaThread "Service Thread" daemon [_thread_blocked, id=13265, stack(0x00007f1c32be1000,0x00007f1c32ce2000)]
  0x00007f1c4c0bd000 JavaThread "C1 CompilerThread2" daemon [_thread_blocked, id=13264, stack(0x00007f1c32ce2000,0x00007f1c32de3000)]
  0x00007f1c4c0bb800 JavaThread "C2 CompilerThread1" daemon [_thread_blocked, id=13263, stack(0x00007f1c32de3000,0x00007f1c32ee4000)]
  0x00007f1c4c0b8800 JavaThread "C2 CompilerThread0" daemon [_thread_blocked, id=13262, stack(0x00007f1c32ee4000,0x00007f1c32fe5000)]
  0x00007f1c4c0b7000 JavaThread "Signal Dispatcher" daemon [_thread_blocked, id=13261, stack(0x00007f1c32fe5000,0x00007f1c330e6000)]
  0x00007f1c4c084000 JavaThread "Finalizer" daemon [_thread_blocked, id=13260, stack(0x00007f1c338f9000,0x00007f1c339fa000)]
  0x00007f1c4c07f800 JavaThread "Reference Handler" daemon [_thread_blocked, id=13259, stack(0x00007f1c339fa000,0x00007f1c33afb000)]
  0x00007f1c4c00a000 JavaThread "main" [_thread_blocked, id=13253, stack(0x00007f1c521f0000,0x00007f1c522f1000)]

Other Threads:
=>0x00007f1c4c078000 VMThread [stack: 0x00007f1c33afb000,0x00007f1c33bfc000] [id=13258]
  0x00007f1c4c0cb000 WatcherThread [stack: 0x00007f1c32ae0000,0x00007f1c32be1000] [id=13266]

VM state:at safepoint (normal execution)

VM Mutex/Monitor currently owned by a thread:  ([mutex/lock_event])
[0x00007f1c4c006490] Threads_lock - owner thread: 0x00007f1c4c078000
[0x00007f1c4c006990] Heap_lock - owner thread: 0x00007f1c4c149000

Heap:
 PSYoungGen      total 79360K, used 17910K [0x00000000eab00000, 0x00000000f0c00000, 0x0000000100000000)
  eden space 61440K, 0% used [0x00000000eab00000,0x00000000eab00000,0x00000000ee700000)
  from space 17920K, 99% used [0x00000000ee700000,0x00000000ef87d8e8,0x00000000ef880000)
  to   space 15872K, 0% used [0x00000000ef880000,0x00000000ef880000,0x00000000f0800000)
 ParOldGen       total 42496K, used 31218K [0x00000000c0000000, 0x00000000c2980000, 0x00000000eab00000)
  object space 42496K, 73% used [0x00000000c0000000,0x00000000c1e7c890,0x00000000c2980000)
 Metaspace       used 5756K, capacity 6960K, committed 7040K, reserved 1056768K
  class space    used 575K, capacity 616K, committed 640K, reserved 1048576K

Card table byte_map: [0x00007f1c3bbae000,0x00007f1c3bdaf000] byte_map_base: 0x00007f1c3b5ae000

Marking Bits: (ParMarkBitMap*) 0x00007f1c516ca120
 Begin Bits: [0x00007f1c397aa000, 0x00007f1c3a7aa000)
 End Bits:   [0x00007f1c3a7aa000, 0x00007f1c3b7aa000)

Polling page: 0x00007f1c52313000

CodeCache: size=245760Kb used=5214Kb max_used=5214Kb free=240545Kb
 bounds [0x00007f1c3c16f000, 0x00007f1c3c69f000, 0x00007f1c4b16f000]
 total_blobs=1591 nmethods=1330 adapters=175
 compilation: enabled

Compilation events (10 events):
Event: 3.342 Thread 0x00007f1c4c0bd000 nmethod 1445% 0x00007f1c3c67dc50 code [0x00007f1c3c67dee0, 0x00007f1c3c67f1a8]
Event: 3.342 Thread 0x00007f1c4c0bd000 1446       2       com.android.dx.ssa.SCCP::<init> (142 bytes)
Event: 3.343 Thread 0x00007f1c4c0bd000 nmethod 1446 0x00007f1c3c6811d0 code [0x00007f1c3c681380, 0x00007f1c3c681a28]
Event: 3.346 Thread 0x00007f1c4c0b8800 nmethod 1324 0x00007f1c3c685190 code [0x00007f1c3c685520, 0x00007f1c3c6871a0]
Event: 3.346 Thread 0x00007f1c4c0b8800 1426       4       com.android.dx.rop.code.InsnList::contentEquals (54 bytes)
Event: 3.356 Thread 0x00007f1c4c0bd000 1447 %     3       com.android.dx.cf.code.Ropper::addExceptionSetupBlocks @ 8 (203 bytes)
Event: 3.359 Thread 0x00007f1c4c0bb800 nmethod 1313 0x00007f1c3c689a90 code [0x00007f1c3c689d60, 0x00007f1c3c68ad10]
Event: 3.359 Thread 0x00007f1c4c0bd000 nmethod 1447% 0x00007f1c3c68c390 code [0x00007f1c3c68c7a0, 0x00007f1c3c68ed38]
Event: 3.359 Thread 0x00007f1c4c0bd000 1448       2       com.android.dx.cf.code.Ropper::getRopMethod (64 bytes)
Event: 3.359 Thread 0x00007f1c4c0bb800 1358       4       com.android.dx.ssa.SsaBasicBlock::getCountPhiInsns (45 bytes)

GC Heap History (10 events):
Event: 1.875 GC heap after
Heap after GC invocations=2 (full 0):
 PSYoungGen      total 18432K, used 2536K [0x00000000eab00000, 0x00000000ecf00000, 0x0000000100000000)
  eden space 15872K, 0% used [0x00000000eab00000,0x00000000eab00000,0x00000000eba80000)
  from space 2560K, 99% used [0x00000000ebd00000,0x00000000ebf7a1c8,0x00000000ebf80000)
  to   space 2560K, 0% used [0x00000000eba80000,0x00000000eba80000,0x00000000ebd00000)
 ParOldGen       total 42496K, used 4614K [0x00000000c0000000, 0x00000000c2980000, 0x00000000eab00000)
  object space 42496K, 10% used [0x00000000c0000000,0x00000000c0481940,0x00000000c2980000)
 Metaspace       used 5560K, capacity 6768K, committed 7040K, reserved 1056768K
  class space    used 566K, capacity 616K, committed 640K, reserved 1048576K
}
Event: 2.136 GC heap before
{Heap before GC invocations=3 (full 0):
 PSYoungGen      total 18432K, used 18408K [0x00000000eab00000, 0x00000000ecf00000, 0x0000000100000000)
  eden space 15872K, 100% used [0x00000000eab00000,0x00000000eba80000,0x00000000eba80000)
  from space 2560K, 99% used [0x00000000ebd00000,0x00000000ebf7a1c8,0x00000000ebf80000)
  to   space 2560K, 0% used [0x00000000eba80000,0x00000000eba80000,0x00000000ebd00000)
 ParOldGen       total 42496K, used 4614K [0x00000000c0000000, 0x00000000c2980000, 0x00000000eab00000)
  object space 42496K, 10% used [0x00000000c0000000,0x00000000c0481940,0x00000000c2980000)
 Metaspace       used 5614K, capacity 6832K, committed 7040K, reserved 1056768K
  class space    used 567K, capacity 616K, committed 640K, reserved 1048576K
Event: 2.158 GC heap after
Heap after GC invocations=3 (full 0):
 PSYoungGen      total 18432K, used 2552K [0x00000000eab00000, 0x00000000ecf00000, 0x0000000100000000)
  eden space 15872K, 0% used [0x00000000eab00000,0x00000000eab00000,0x00000000eba80000)
  from space 2560K, 99% used [0x00000000eba80000,0x00000000ebcfe1b8,0x00000000ebd00000)
  to   space 2560K, 0% used [0x00000000ecc80000,0x00000000ecc80000,0x00000000ecf00000)
 ParOldGen       total 42496K, used 9515K [0x00000000c0000000, 0x00000000c2980000, 0x00000000eab00000)
  object space 42496K, 22% used [0x00000000c0000000,0x00000000c094aed8,0x00000000c2980000)
 Metaspace       used 5614K, capacity 6832K, committed 7040K, reserved 1056768K
  class space    used 567K, capacity 616K, committed 640K, reserved 1048576K
}
Event: 2.255 GC heap before
{Heap before GC invocations=4 (full 0):
 PSYoungGen      total 18432K, used 18424K [0x00000000eab00000, 0x00000000ecf00000, 0x0000000100000000)
  eden space 15872K, 100% used [0x00000000eab00000,0x00000000eba80000,0x00000000eba80000)
  from space 2560K, 99% used [0x00000000eba80000,0x00000000ebcfe1b8,0x00000000ebd00000)
  to   space 2560K, 0% used [0x00000000ecc80000,0x00000000ecc80000,0x00000000ecf00000)
 ParOldGen       total 42496K, used 9515K [0x00000000c0000000, 0x00000000c2980000, 0x00000000eab00000)
  object space 42496K, 22% used [0x00000000c0000000,0x00000000c094aed8,0x00000000c2980000)
 Metaspace       used 5660K, capacity 6832K, committed 7040K, reserved 1056768K
  class space    used 573K, capacity 616K, committed 640K, reserved 1048576K
Event: 2.288 GC heap after
Heap after GC invocations=4 (full 0):
 PSYoungGen      total 34304K, used 2542K [0x00000000eab00000, 0x00000000ecf00000, 0x0000000100000000)
  eden space 31744K, 0% used [0x00000000eab00000,0x00000000eab00000,0x00000000eca00000)
  from space 2560K, 99% used [0x00000000ecc80000,0x00000000ecefbb48,0x00000000ecf00000)
  to   space 2560K, 0% used [0x00000000eca00000,0x00000000eca00000,0x00000000ecc80000)
 ParOldGen       total 42496K, used 16019K [0x00000000c0000000, 0x00000000c2980000, 0x00000000eab00000)
  object space 42496K, 37% used [0x00000000c0000000,0x00000000c0fa4f78,0x00000000c2980000)
 Metaspace       used 5660K, capacity 6832K, committed 7040K, reserved 1056768K
  class space    used 573K, capacity 616K, committed 640K, reserved 1048576K
}
Event: 2.715 GC heap before
{Heap before GC invocations=5 (full 0):
 PSYoungGen      total 34304K, used 34286K [0x00000000eab00000, 0x00000000ecf00000, 0x0000000100000000)
  eden space 31744K, 100% used [0x00000000eab00000,0x00000000eca00000,0x00000000eca00000)
  from space 2560K, 99% used [0x00000000ecc80000,0x00000000ecefbb48,0x00000000ecf00000)
  to   space 2560K, 0% used [0x00000000eca00000,0x00000000eca00000,0x00000000ecc80000)
 ParOldGen       total 42496K, used 16019K [0x00000000c0000000, 0x00000000c2980000, 0x00000000eab00000)
  object space 42496K, 37% used [0x00000000c0000000,0x00000000c0fa4f78,0x00000000c2980000)
 Metaspace       used 5711K, capacity 6896K, committed 7040K, reserved 1056768K
  class space    used 575K, capacity 616K, committed 640K, reserved 1048576K
Event: 2.759 GC heap after
Heap after GC invocations=5 (full 0):
 PSYoungGen      total 34304K, used 2542K [0x00000000eab00000, 0x00000000f0800000, 0x0000000100000000)
  eden space 31744K, 0% used [0x00000000eab00000,0x00000000eab00000,0x00000000eca00000)
  from space 2560K, 99% used [0x00000000eca00000,0x00000000ecc7ba20,0x00000000ecc80000)
  to   space 15872K, 0% used [0x00000000ef880000,0x00000000ef880000,0x00000000f0800000)
 ParOldGen       total 42496K, used 29303K [0x00000000c0000000, 0x00000000c2980000, 0x00000000eab00000)
  object space 42496K, 68% used [0x00000000c0000000,0x00000000c1c9dc00,0x00000000c2980000)
 Metaspace       used 5711K, capacity 6896K, committed 7040K, reserved 1056768K
  class space    used 575K, capacity 616K, committed 640K, reserved 1048576K
}
Event: 2.907 GC heap before
{Heap before GC invocations=6 (full 0):
 PSYoungGen      total 34304K, used 34286K [0x00000000eab00000, 0x00000000f0800000, 0x0000000100000000)
  eden space 31744K, 100% used [0x00000000eab00000,0x00000000eca00000,0x00000000eca00000)
  from space 2560K, 99% used [0x00000000eca00000,0x00000000ecc7ba20,0x00000000ecc80000)
  to   space 15872K, 0% used [0x00000000ef880000,0x00000000ef880000,0x00000000f0800000)
 ParOldGen       total 42496K, used 29303K [0x00000000c0000000, 0x00000000c2980000, 0x00000000eab00000)
  object space 42496K, 68% used [0x00000000c0000000,0x00000000c1c9dc00,0x00000000c2980000)
 Metaspace       used 5712K, capacity 6896K, committed 7040K, reserved 1056768K
  class space    used 575K, capacity 616K, committed 640K, reserved 1048576K
Event: 2.942 GC heap after
Heap after GC invocations=6 (full 0):
 PSYoungGen      total 77312K, used 14145K [0x00000000eab00000, 0x00000000f0c00000, 0x0000000100000000)
  eden space 61440K, 0% used [0x00000000eab00000,0x00000000eab00000,0x00000000ee700000)
  from space 15872K, 89% used [0x00000000ef880000,0x00000000f0650590,0x00000000f0800000)
  to   space 17920K, 0% used [0x00000000ee700000,0x00000000ee700000,0x00000000ef880000)
 ParOldGen       total 42496K, used 29303K [0x00000000c0000000, 0x00000000c2980000, 0x00000000eab00000)
  object space 42496K, 68% used [0x00000000c0000000,0x00000000c1c9dc00,0x00000000c2980000)
 Metaspace       used 5712K, capacity 6896K, committed 7040K, reserved 1056768K
  class space    used 575K, capacity 616K, committed 640K, reserved 1048576K
}
Event: 3.439 GC heap before
{Heap before GC invocations=7 (full 0):
 PSYoungGen      total 77312K, used 75585K [0x00000000eab00000, 0x00000000f0c00000, 0x0000000100000000)
  eden space 61440K, 100% used [0x00000000eab00000,0x00000000ee700000,0x00000000ee700000)
  from space 15872K, 89% used [0x00000000ef880000,0x00000000f0650590,0x00000000f0800000)
  to   space 17920K, 0% used [0x00000000ee700000,0x00000000ee700000,0x00000000ef880000)
 ParOldGen       total 42496K, used 29303K [0x00000000c0000000, 0x00000000c2980000, 0x00000000eab00000)
  object space 42496K, 68% used [0x00000000c0000000,0x00000000c1c9dc00,0x00000000c2980000)
 Metaspace       used 5756K, capacity 6960K, committed 7040K, reserved 1056768K
  class space    used 575K, capacity 616K, committed 640K, reserved 1048576K

Deoptimization events (10 events):
Event: 2.180 Thread 0x00007f1c4c142000 Uncommon trap: reason=unstable_if action=reinterpret pc=0x00007f1c3c4bf7c0 method=com.android.dx.rop.code.RegisterSpec.equals(ILcom/android/dx/rop/type/TypeBearer;Lcom/android/dx/rop/code/LocalItem;)Z @ 16
Event: 2.180 Thread 0x00007f1c4c142000 Uncommon trap: reason=class_check action=maybe_recompile pc=0x00007f1c3c461eb0 method=com.android.dx.rop.type.Type.equals(Ljava/lang/Object;)Z @ 8
Event: 2.180 Thread 0x00007f1c4c142000 Uncommon trap: reason=class_check action=maybe_recompile pc=0x00007f1c3c461eb0 method=com.android.dx.rop.type.Type.equals(Ljava/lang/Object;)Z @ 8
Event: 2.180 Thread 0x00007f1c4c142000 Uncommon trap: reason=class_check action=maybe_recompile pc=0x00007f1c3c461eb0 method=com.android.dx.rop.type.Type.equals(Ljava/lang/Object;)Z @ 8
Event: 2.181 Thread 0x00007f1c4c142000 Uncommon trap: reason=unstable_if action=reinterpret pc=0x00007f1c3c3ef038 method=java.util.BitSet.ensureCapacity(I)V @ 6
Event: 2.189 Thread 0x00007f1c4c145800 Uncommon trap: reason=class_check action=maybe_recompile pc=0x00007f1c3c461eb0 method=com.android.dx.rop.type.Type.equals(Ljava/lang/Object;)Z @ 8
Event: 2.191 Thread 0x00007f1c4c145800 Uncommon trap: reason=unloaded action=reinterpret pc=0x00007f1c3c43f1fc method=com.android.dx.ssa.SsaRenamer$BlockRenamer.visitMoveInsn(Lcom/android/dx/ssa/NormalSsaInsn;)V @ 208
Event: 2.191 Thread 0x00007f1c4c145800 Uncommon trap: reason=unstable_if action=reinterpret pc=0x00007f1c3c48031c method=com.android.dx.ssa.SsaRenamer$BlockRenamer.addMapping(ILcom/android/dx/rop/code/RegisterSpec;)V @ 120
Event: 2.192 Thread 0x00007f1c4c145800 Uncommon trap: reason=unstable_if action=reinterpret pc=0x00007f1c3c4bd518 method=com.android.dx.ssa.SsaInsn.getLocalAssignment()Lcom/android/dx/rop/code/RegisterSpec; @ 14
Event: 2.193 Thread 0x00007f1c4c145800 Uncommon trap: reason=unstable_if action=reinterpret pc=0x00007f1c3c4f90e4 method=com.android.dx.rop.code.RegisterSpec.equals(ILcom/android/dx/rop/type/TypeBearer;Lcom/android/dx/rop/code/LocalItem;)Z @ 16

Internal exceptions (2 events):
Event: 0.388 Thread 0x00007f1c4c00a000 Exception <a 'java/lang/NoSuchMethodError': Method sun.misc.Unsafe.defineClass(Ljava/lang/String;[BII)Ljava/lang/Class; name or signature does not match> (0x00000000eab07cc0) thrown at [/HUDSON3/workspace/8-2-build-linux-amd64/jdk8u101/7261/hotspot/src/sh
Event: 0.388 Thread 0x00007f1c4c00a000 Exception <a 'java/lang/NoSuchMethodError': Method sun.misc.Unsafe.prefetchRead(Ljava/lang/Object;J)V name or signature does not match> (0x00000000eab07fa8) thrown at [/HUDSON3/workspace/8-2-build-linux-amd64/jdk8u101/7261/hotspot/src/share/vm/prims/jni.c

Events (10 events):
Event: 3.218 Thread 0x00007f1c4c00a000 DEOPT UNPACKING pc=0x00007f1c3c1b6633 sp=0x00007f1c522ee150 mode 0
Event: 3.219 Thread 0x00007f1c4c00a000 DEOPT PACKING pc=0x00007f1c3c5cf96c sp=0x00007f1c522ee390
Event: 3.219 Thread 0x00007f1c4c00a000 DEOPT UNPACKING pc=0x00007f1c3c1b6633 sp=0x00007f1c522ee150 mode 0
Event: 3.220 Thread 0x00007f1c4c00a000 DEOPT PACKING pc=0x00007f1c3c5cf96c sp=0x00007f1c522ee390
Event: 3.220 Thread 0x00007f1c4c00a000 DEOPT UNPACKING pc=0x00007f1c3c1b6633 sp=0x00007f1c522ee150 mode 0
Event: 3.225 Thread 0x00007f1c4c00a000 DEOPT PACKING pc=0x00007f1c3c5cf96c sp=0x00007f1c522ee390
Event: 3.225 Thread 0x00007f1c4c00a000 DEOPT UNPACKING pc=0x00007f1c3c1b6633 sp=0x00007f1c522ee150 mode 0
Event: 3.267 Thread 0x00007f1c4c145800 DEOPT PACKING pc=0x00007f1c3c5e5343 sp=0x00007f1c328dbed0
Event: 3.267 Thread 0x00007f1c4c145800 DEOPT UNPACKING pc=0x00007f1c3c1b6633 sp=0x00007f1c328dbc50 mode 0
Event: 3.359 Executing VM operation: ParallelGCFailedAllocation


Dynamic libraries:
00400000-00401000 r-xp 00000000 08:02 5904956                            /usr/lib/jvm/java-8-oracle/bin/java
00600000-00601000 rw-p 00000000 08:02 5904956                            /usr/lib/jvm/java-8-oracle/bin/java
01f59000-01f7a000 rw-p 00000000 00:00 0                                  [heap]
c0000000-c2980000 rw-p 00000000 00:00 0 
c2980000-eab00000 ---p 00000000 00:00 0 
eab00000-f0c00000 rw-p 00000000 00:00 0 
f4e00000-100000000 ---p 00000000 00:00 0 
100000000-1000a0000 rw-p 00000000 00:00 0 
1000a0000-140000000 ---p 00000000 00:00 0 
7f1be4000000-7f1be405f000 rw-p 00000000 00:00 0 
7f1be405f000-7f1be8000000 ---p 00000000 00:00 0 
7f1bec000000-7f1bec021000 rw-p 00000000 00:00 0 
7f1bec021000-7f1bf0000000 ---p 00000000 00:00 0 
7f1bf0000000-7f1bf004a000 rw-p 00000000 00:00 0 
7f1bf004a000-7f1bf4000000 ---p 00000000 00:00 0 
7f1bf4000000-7f1bf40bf000 rw-p 00000000 00:00 0 
7f1bf40bf000-7f1bf8000000 ---p 00000000 00:00 0 
7f1bf8000000-7f1bf8021000 rw-p 00000000 00:00 0 
7f1bf8021000-7f1bfc000000 ---p 00000000 00:00 0 
7f1bfc000000-7f1bfc021000 rw-p 00000000 00:00 0 
7f1bfc021000-7f1c00000000 ---p 00000000 00:00 0 
7f1c00000000-7f1c00021000 rw-p 00000000 00:00 0 
7f1c00021000-7f1c04000000 ---p 00000000 00:00 0 
7f1c04000000-7f1c046c3000 rw-p 00000000 00:00 0 
7f1c046c3000-7f1c08000000 ---p 00000000 00:00 0 
7f1c08000000-7f1c08584000 rw-p 00000000 00:00 0 
7f1c08584000-7f1c0c000000 ---p 00000000 00:00 0 
7f1c0c000000-7f1c0c021000 rw-p 00000000 00:00 0 
7f1c0c021000-7f1c10000000 ---p 00000000 00:00 0 
7f1c10000000-7f1c10582000 rw-p 00000000 00:00 0 
7f1c10582000-7f1c14000000 ---p 00000000 00:00 0 
7f1c14000000-7f1c14021000 rw-p 00000000 00:00 0 
7f1c14021000-7f1c18000000 ---p 00000000 00:00 0 
7f1c18000000-7f1c18021000 rw-p 00000000 00:00 0 
7f1c18021000-7f1c1c000000 ---p 00000000 00:00 0 
7f1c1c000000-7f1c1c021000 rw-p 00000000 00:00 0 
7f1c1c021000-7f1c20000000 ---p 00000000 00:00 0 
7f1c20000000-7f1c2028d000 rw-p 00000000 00:00 0 
7f1c2028d000-7f1c24000000 ---p 00000000 00:00 0 
7f1c24000000-7f1c24021000 rw-p 00000000 00:00 0 
7f1c24021000-7f1c28000000 ---p 00000000 00:00 0 
7f1c2c000000-7f1c2c021000 rw-p 00000000 00:00 0 
7f1c2c021000-7f1c30000000 ---p 00000000 00:00 0 
7f1c325db000-7f1c325de000 ---p 00000000 00:00 0 
7f1c325de000-7f1c326dc000 rw-p 00000000 00:00 0 
7f1c326dc000-7f1c326df000 ---p 00000000 00:00 0 
7f1c326df000-7f1c327dd000 rw-p 00000000 00:00 0 
7f1c327dd000-7f1c327e0000 ---p 00000000 00:00 0 
7f1c327e0000-7f1c328de000 rw-p 00000000 00:00 0 
7f1c328de000-7f1c328e1000 ---p 00000000 00:00 0 
7f1c328e1000-7f1c329df000 rw-p 00000000 00:00 0 
7f1c329df000-7f1c329e2000 ---p 00000000 00:00 0 
7f1c329e2000-7f1c32ae0000 rw-p 00000000 00:00 0 
7f1c32ae0000-7f1c32ae1000 ---p 00000000 00:00 0 
7f1c32ae1000-7f1c32be1000 rw-p 00000000 00:00 0 
7f1c32be1000-7f1c32be4000 ---p 00000000 00:00 0 
7f1c32be4000-7f1c32ce2000 rw-p 00000000 00:00 0 
7f1c32ce2000-7f1c32ce5000 ---p 00000000 00:00 0 
7f1c32ce5000-7f1c32de3000 rw-p 00000000 00:00 0 
7f1c32de3000-7f1c32de6000 ---p 00000000 00:00 0 
7f1c32de6000-7f1c32ee4000 rw-p 00000000 00:00 0 
7f1c32ee4000-7f1c32ee7000 ---p 00000000 00:00 0 
7f1c32ee7000-7f1c32fe5000 rw-p 00000000 00:00 0 
7f1c32fe5000-7f1c32fe8000 ---p 00000000 00:00 0 
7f1c32fe8000-7f1c330e6000 rw-p 00000000 00:00 0 
7f1c330e6000-7f1c338f9000 r--p 00000000 08:02 5249478                    /usr/lib/locale/locale-archive
7f1c338f9000-7f1c338fc000 ---p 00000000 00:00 0 
7f1c338fc000-7f1c339fa000 rw-p 00000000 00:00 0 
7f1c339fa000-7f1c339fd000 ---p 00000000 00:00 0 
7f1c339fd000-7f1c33afb000 rw-p 00000000 00:00 0 
7f1c33afb000-7f1c33afc000 ---p 00000000 00:00 0 
7f1c33afc000-7f1c34000000 rw-p 00000000 00:00 0 
7f1c34000000-7f1c34021000 rw-p 00000000 00:00 0 
7f1c34021000-7f1c38000000 ---p 00000000 00:00 0 
7f1c38042000-7f1c38bd1000 rw-p 00000000 00:00 0 
7f1c38bd1000-7f1c38daa000 r--s 03d29000 08:02 5256269                    /usr/lib/jvm/java-8-oracle/jre/lib/rt.jar
7f1c38daa000-7f1c393ea000 rw-p 00000000 00:00 0 
7f1c393ea000-7f1c395aa000 ---p 00000000 00:00 0 
7f1c395aa000-7f1c3b7aa000 rw-p 00000000 00:00 0 
7f1c3b7aa000-7f1c3b7ab000 ---p 00000000 00:00 0 
7f1c3b7ab000-7f1c3b8ab000 rw-p 00000000 00:00 0 
7f1c3b8ab000-7f1c3b8ac000 ---p 00000000 00:00 0 
7f1c3b8ac000-7f1c3b9ac000 rw-p 00000000 00:00 0 
7f1c3b9ac000-7f1c3b9ad000 ---p 00000000 00:00 0 
7f1c3b9ad000-7f1c3baad000 rw-p 00000000 00:00 0 
7f1c3baad000-7f1c3baae000 ---p 00000000 00:00 0 
7f1c3baae000-7f1c3bbc3000 rw-p 00000000 00:00 0 
7f1c3bbc3000-7f1c3bd03000 ---p 00000000 00:00 0 
7f1c3bd03000-7f1c3bd34000 rw-p 00000000 00:00 0 
7f1c3bd34000-7f1c3bdae000 ---p 00000000 00:00 0 
7f1c3bdae000-7f1c3bdc4000 rw-p 00000000 00:00 0 
7f1c3bdc4000-7f1c3c16f000 ---p 00000000 00:00 0 
7f1c3c16f000-7f1c3c69f000 rwxp 00000000 00:00 0 
7f1c3c69f000-7f1c4b16f000 ---p 00000000 00:00 0 
7f1c4b16f000-7f1c4b189000 r-xp 00000000 08:02 5512754                    /usr/lib/jvm/java-8-oracle/jre/lib/amd64/libzip.so
7f1c4b189000-7f1c4b389000 ---p 0001a000 08:02 5512754                    /usr/lib/jvm/java-8-oracle/jre/lib/amd64/libzip.so
7f1c4b389000-7f1c4b38a000 rw-p 0001a000 08:02 5512754                    /usr/lib/jvm/java-8-oracle/jre/lib/amd64/libzip.so
7f1c4b38a000-7f1c4b394000 r-xp 00000000 08:02 4980839                    /lib/x86_64-linux-gnu/libnss_files-2.19.so
7f1c4b394000-7f1c4b593000 ---p 0000a000 08:02 4980839                    /lib/x86_64-linux-gnu/libnss_files-2.19.so
7f1c4b593000-7f1c4b594000 r--p 00009000 08:02 4980839                    /lib/x86_64-linux-gnu/libnss_files-2.19.so
7f1c4b594000-7f1c4b595000 rw-p 0000a000 08:02 4980839                    /lib/x86_64-linux-gnu/libnss_files-2.19.so
7f1c4b595000-7f1c4b5a0000 r-xp 00000000 08:02 4980831                    /lib/x86_64-linux-gnu/libnss_nis-2.19.so
7f1c4b5a0000-7f1c4b79f000 ---p 0000b000 08:02 4980831                    /lib/x86_64-linux-gnu/libnss_nis-2.19.so
7f1c4b79f000-7f1c4b7a0000 r--p 0000a000 08:02 4980831                    /lib/x86_64-linux-gnu/libnss_nis-2.19.so
7f1c4b7a0000-7f1c4b7a1000 rw-p 0000b000 08:02 4980831                    /lib/x86_64-linux-gnu/libnss_nis-2.19.so
7f1c4b7a1000-7f1c4b7b8000 r-xp 00000000 08:02 4980827                    /lib/x86_64-linux-gnu/libnsl-2.19.so
7f1c4b7b8000-7f1c4b9b7000 ---p 00017000 08:02 4980827                    /lib/x86_64-linux-gnu/libnsl-2.19.so
7f1c4b9b7000-7f1c4b9b8000 r--p 00016000 08:02 4980827                    /lib/x86_64-linux-gnu/libnsl-2.19.so
7f1c4b9b8000-7f1c4b9b9000 rw-p 00017000 08:02 4980827                    /lib/x86_64-linux-gnu/libnsl-2.19.so
7f1c4b9b9000-7f1c4b9bb000 rw-p 00000000 00:00 0 
7f1c4b9bb000-7f1c4b9c4000 r-xp 00000000 08:02 4980826                    /lib/x86_64-linux-gnu/libnss_compat-2.19.so
7f1c4b9c4000-7f1c4bbc3000 ---p 00009000 08:02 4980826                    /lib/x86_64-linux-gnu/libnss_compat-2.19.so
7f1c4bbc3000-7f1c4bbc4000 r--p 00008000 08:02 4980826                    /lib/x86_64-linux-gnu/libnss_compat-2.19.so
7f1c4bbc4000-7f1c4bbc5000 rw-p 00009000 08:02 4980826                    /lib/x86_64-linux-gnu/libnss_compat-2.19.so
7f1c4bbc5000-7f1c4bbef000 r-xp 00000000 08:02 5512711                    /usr/lib/jvm/java-8-oracle/jre/lib/amd64/libjava.so
7f1c4bbef000-7f1c4bdef000 ---p 0002a000 08:02 5512711                    /usr/lib/jvm/java-8-oracle/jre/lib/amd64/libjava.so
7f1c4bdef000-7f1c4bdf1000 rw-p 0002a000 08:02 5512711                    /usr/lib/jvm/java-8-oracle/jre/lib/amd64/libjava.so
7f1c4bdf1000-7f1c4bdfe000 r-xp 00000000 08:02 5512720                    /usr/lib/jvm/java-8-oracle/jre/lib/amd64/libverify.so
7f1c4bdfe000-7f1c4bffe000 ---p 0000d000 08:02 5512720                    /usr/lib/jvm/java-8-oracle/jre/lib/amd64/libverify.so
7f1c4bffe000-7f1c4c000000 rw-p 0000d000 08:02 5512720                    /usr/lib/jvm/java-8-oracle/jre/lib/amd64/libverify.so
7f1c4c000000-7f1c4c3a5000 rw-p 00000000 00:00 0 
7f1c4c3a5000-7f1c50000000 ---p 00000000 00:00 0 
7f1c50000000-7f1c5000e000 r--s 000e0000 08:02 3025845                    /home/willardpc/Android/Sdk/build-tools/24.0.2/lib/dx.jar
7f1c5000e000-7f1c500ba000 rw-p 00000000 00:00 0 
7f1c500ba000-7f1c501fb000 ---p 00000000 00:00 0 
7f1c501fb000-7f1c50202000 r-xp 00000000 08:02 4980835                    /lib/x86_64-linux-gnu/librt-2.19.so
7f1c50202000-7f1c50401000 ---p 00007000 08:02 4980835                    /lib/x86_64-linux-gnu/librt-2.19.so
7f1c50401000-7f1c50402000 r--p 00006000 08:02 4980835                    /lib/x86_64-linux-gnu/librt-2.19.so
7f1c50402000-7f1c50403000 rw-p 00007000 08:02 4980835                    /lib/x86_64-linux-gnu/librt-2.19.so
7f1c50403000-7f1c50508000 r-xp 00000000 08:02 4980755                    /lib/x86_64-linux-gnu/libm-2.19.so
7f1c50508000-7f1c50707000 ---p 00105000 08:02 4980755                    /lib/x86_64-linux-gnu/libm-2.19.so
7f1c50707000-7f1c50708000 r--p 00104000 08:02 4980755                    /lib/x86_64-linux-gnu/libm-2.19.so
7f1c50708000-7f1c50709000 rw-p 00105000 08:02 4980755                    /lib/x86_64-linux-gnu/libm-2.19.so
7f1c50709000-7f1c513d4000 r-xp 00000000 08:02 5514318                    /usr/lib/jvm/java-8-oracle/jre/lib/amd64/server/libjvm.so
7f1c513d4000-7f1c515d3000 ---p 00ccb000 08:02 5514318                    /usr/lib/jvm/java-8-oracle/jre/lib/amd64/server/libjvm.so
7f1c515d3000-7f1c516ac000 rw-p 00cca000 08:02 5514318                    /usr/lib/jvm/java-8-oracle/jre/lib/amd64/server/libjvm.so
7f1c516ac000-7f1c516f7000 rw-p 00000000 00:00 0 
7f1c516f7000-7f1c518b1000 r-xp 00000000 08:02 4980836                    /lib/x86_64-linux-gnu/libc-2.19.so
7f1c518b1000-7f1c51ab1000 ---p 001ba000 08:02 4980836                    /lib/x86_64-linux-gnu/libc-2.19.so
7f1c51ab1000-7f1c51ab5000 r--p 001ba000 08:02 4980836                    /lib/x86_64-linux-gnu/libc-2.19.so
7f1c51ab5000-7f1c51ab7000 rw-p 001be000 08:02 4980836                    /lib/x86_64-linux-gnu/libc-2.19.so
7f1c51ab7000-7f1c51abc000 rw-p 00000000 00:00 0 
7f1c51abc000-7f1c51abf000 r-xp 00000000 08:02 4980765                    /lib/x86_64-linux-gnu/libdl-2.19.so
7f1c51abf000-7f1c51cbe000 ---p 00003000 08:02 4980765                    /lib/x86_64-linux-gnu/libdl-2.19.so
7f1c51cbe000-7f1c51cbf000 r--p 00002000 08:02 4980765                    /lib/x86_64-linux-gnu/libdl-2.19.so
7f1c51cbf000-7f1c51cc0000 rw-p 00003000 08:02 4980765                    /lib/x86_64-linux-gnu/libdl-2.19.so
7f1c51cc0000-7f1c51cd5000 r-xp 00000000 08:02 5776995                    /usr/lib/jvm/java-8-oracle/lib/amd64/jli/libjli.so
7f1c51cd5000-7f1c51ed5000 ---p 00015000 08:02 5776995                    /usr/lib/jvm/java-8-oracle/lib/amd64/jli/libjli.so
7f1c51ed5000-7f1c51ed6000 rw-p 00015000 08:02 5776995                    /usr/lib/jvm/java-8-oracle/lib/amd64/jli/libjli.so
7f1c51ed6000-7f1c51eef000 r-xp 00000000 08:02 4980828                    /lib/x86_64-linux-gnu/libpthread-2.19.so
7f1c51eef000-7f1c520ee000 ---p 00019000 08:02 4980828                    /lib/x86_64-linux-gnu/libpthread-2.19.so
7f1c520ee000-7f1c520ef000 r--p 00018000 08:02 4980828                    /lib/x86_64-linux-gnu/libpthread-2.19.so
7f1c520ef000-7f1c520f0000 rw-p 00019000 08:02 4980828                    /lib/x86_64-linux-gnu/libpthread-2.19.so
7f1c520f0000-7f1c520f4000 rw-p 00000000 00:00 0 
7f1c520f4000-7f1c52117000 r-xp 00000000 08:02 4980829                    /lib/x86_64-linux-gnu/ld-2.19.so
7f1c5211e000-7f1c521f0000 rw-p 00000000 00:00 0 
7f1c521f0000-7f1c521f3000 ---p 00000000 00:00 0 
7f1c521f3000-7f1c5230a000 rw-p 00000000 00:00 0 
7f1c5230a000-7f1c52312000 rw-s 00000000 08:02 8392666                    /tmp/hsperfdata_willardpc/13248
7f1c52312000-7f1c52313000 rw-p 00000000 00:00 0 
7f1c52313000-7f1c52314000 ---p 00000000 00:00 0 
7f1c52314000-7f1c52316000 rw-p 00000000 00:00 0 
7f1c52316000-7f1c52317000 r--p 00022000 08:02 4980829                    /lib/x86_64-linux-gnu/ld-2.19.so
7f1c52317000-7f1c52318000 rw-p 00023000 08:02 4980829                    /lib/x86_64-linux-gnu/ld-2.19.so
7f1c52318000-7f1c52319000 rw-p 00000000 00:00 0 
7ffdcf0b7000-7ffdcf0d8000 rw-p 00000000 00:00 0                          [stack]
7ffdcf178000-7ffdcf17a000 r--p 00000000 00:00 0                          [vvar]
7ffdcf17a000-7ffdcf17c000 r-xp 00000000 00:00 0                          [vdso]
ffffffffff600000-ffffffffff601000 r-xp 00000000 00:00 0                  [vsyscall]

VM Arguments:
jvm_args: -Djava.awt.headless=true -Xmx1024M -Dfile.encoding=UTF-8 -Duser.country=US -Duser.language=en -Duser.variant 
java_command: com.android.dx.command.Main --dex --force-jumbo --num-threads=4 --output /home/willardpc/androidwork/MangaForum/app/build/intermediates/pre-dexed/debug/main_fbbd01bba66c5f8eec7698851a53f050419e00dd.jar /home/willardpc/androidwork/MangaForum/app/build/intermediates/transforms/instantRun/debug/folders/1/5/main
java_class_path (initial): /home/willardpc/Android/Sdk/build-tools/24.0.2/lib/dx.jar
Launcher Type: SUN_STANDARD

Environment Variables:
JAVA_HOME=/usr/lib/jvm/java-8-oracle
PATH=/usr/local/sbin:/usr/local/bin:/usr/sbin:/usr/bin:/sbin:/bin:/usr/games:/usr/local/games:/usr/lib/jvm/java-8-oracle/bin:/usr/lib/jvm/java-8-oracle/db/bin:/usr/lib/jvm/java-8-oracle/jre/bin
SHELL=/bin/bash
DISPLAY=:0

Signal Handlers:
SIGSEGV: [libjvm.so+0xac4790], sa_mask[0]=11111111011111111101111111111110, sa_flags=SA_RESTART|SA_SIGINFO
SIGBUS: [libjvm.so+0xac4790], sa_mask[0]=11111111011111111101111111111110, sa_flags=SA_RESTART|SA_SIGINFO
SIGFPE: [libjvm.so+0x91f140], sa_mask[0]=11111111011111111101111111111110, sa_flags=SA_RESTART|SA_SIGINFO
SIGPIPE: [libjvm.so+0x91f140], sa_mask[0]=11111111011111111101111111111110, sa_flags=SA_RESTART|SA_SIGINFO
SIGXFSZ: [libjvm.so+0x91f140], sa_mask[0]=11111111011111111101111111111110, sa_flags=SA_RESTART|SA_SIGINFO
SIGILL: [libjvm.so+0x91f140], sa_mask[0]=11111111011111111101111111111110, sa_flags=SA_RESTART|SA_SIGINFO
SIGUSR1: SIG_DFL, sa_mask[0]=00000000000000000000000000000000, sa_flags=none
SIGUSR2: [libjvm.so+0x920770], sa_mask[0]=00100000000000000000000000000000, sa_flags=SA_RESTART|SA_SIGINFO
SIGHUP: [libjvm.so+0x921b70], sa_mask[0]=11111111011111111101111111111110, sa_flags=SA_RESTART|SA_SIGINFO
SIGINT: [libjvm.so+0x921b70], sa_mask[0]=11111111011111111101111111111110, sa_flags=SA_RESTART|SA_SIGINFO
SIGTERM: [libjvm.so+0x921b70], sa_mask[0]=11111111011111111101111111111110, sa_flags=SA_RESTART|SA_SIGINFO
SIGQUIT: [libjvm.so+0x921b70], sa_mask[0]=11111111011111111101111111111110, sa_flags=SA_RESTART|SA_SIGINFO


---------------  S Y S T E M  ---------------

OS:DISTRIB_ID=Ubuntu
DISTRIB_RELEASE=14.04
DISTRIB_CODENAME=trusty
DISTRIB_DESCRIPTION="Ubuntu 14.04.5 LTS"

uname:Linux 4.4.0-36-generic #55~14.04.1-Ubuntu SMP Fri Aug 12 11:49:30 UTC 2016 x86_64
libc:glibc 2.19 NPTL 2.19 
rlimit: STACK 8192k, CORE 0k, NPROC 15291, NOFILE 4096, AS infinity
load average:3.36 1.58 1.14

/proc/meminfo:
MemTotal:        3936780 kB
MemFree:          123432 kB
MemAvailable:      33168 kB
Buffers:             612 kB
Cached:           220924 kB
SwapCached:            0 kB
Active:          3471928 kB
Inactive:         183248 kB
Active(anon):    3460792 kB
Inactive(anon):   171452 kB
Active(file):      11136 kB
Inactive(file):    11796 kB
Unevictable:         320 kB
Mlocked:             320 kB
SwapTotal:             0 kB
SwapFree:              0 kB
Dirty:               244 kB
Writeback:             0 kB
AnonPages:       3434528 kB
Mapped:            80544 kB
Shmem:            198036 kB
Slab:              75524 kB
SReclaimable:      38828 kB
SUnreclaim:        36696 kB
KernelStack:        9888 kB
PageTables:        37596 kB
NFS_Unstable:          0 kB
Bounce:                0 kB
WritebackTmp:          0 kB
CommitLimit:     1968388 kB
Committed_AS:    6721376 kB
VmallocTotal:   34359738367 kB
VmallocUsed:           0 kB
VmallocChunk:          0 kB
HardwareCorrupted:     0 kB
AnonHugePages:   1435648 kB
CmaTotal:              0 kB
CmaFree:               0 kB
HugePages_Total:       0
HugePages_Free:        0
HugePages_Rsvd:        0
HugePages_Surp:        0
Hugepagesize:       2048 kB
DirectMap4k:      132864 kB
DirectMap2M:     3952640 kB


CPU:total 4 (2 cores per cpu, 2 threads per core) family 6 model 42 stepping 7, cmov, cx8, fxsr, mmx, sse, sse2, sse3, ssse3, sse4.1, sse4.2, popcnt, avx, clmul, ht, tsc, tscinvbit

/proc/cpuinfo:
processor	: 0
vendor_id	: GenuineIntel
cpu family	: 6
model		: 42
model name	: Intel(R) Core(TM) i3-2348M CPU @ 2.30GHz
stepping	: 7
microcode	: 0x28
cpu MHz		: 878.402
cache size	: 3072 KB
physical id	: 0
siblings	: 4
core id		: 0
cpu cores	: 2
apicid		: 0
initial apicid	: 0
fpu		: yes
fpu_exception	: yes
cpuid level	: 13
wp		: yes
flags		: fpu vme de pse tsc msr pae mce cx8 apic sep mtrr pge mca cmov pat pse36 clflush dts acpi mmx fxsr sse sse2 ss ht tm pbe syscall nx rdtscp lm constant_tsc arch_perfmon pebs bts rep_good nopl xtopology nonstop_tsc aperfmperf eagerfpu pni pclmulqdq dtes64 monitor ds_cpl vmx est tm2 ssse3 cx16 xtpr pdcm pcid sse4_1 sse4_2 x2apic popcnt tsc_deadline_timer xsave avx lahf_lm epb tpr_shadow vnmi flexpriority ept vpid xsaveopt dtherm arat pln pts
bugs		:
bogomips	: 4589.18
clflush size	: 64
cache_alignment	: 64
address sizes	: 36 bits physical, 48 bits virtual
power management:

processor	: 1
vendor_id	: GenuineIntel
cpu family	: 6
model		: 42
model name	: Intel(R) Core(TM) i3-2348M CPU @ 2.30GHz
stepping	: 7
microcode	: 0x28
cpu MHz		: 806.527
cache size	: 3072 KB
physical id	: 0
siblings	: 4
core id		: 0
cpu cores	: 2
apicid		: 1
initial apicid	: 1
fpu		: yes
fpu_exception	: yes
cpuid level	: 13
wp		: yes
flags		: fpu vme de pse tsc msr pae mce cx8 apic sep mtrr pge mca cmov pat pse36 clflush dts acpi mmx fxsr sse sse2 ss ht tm pbe syscall nx rdtscp lm constant_tsc arch_perfmon pebs bts rep_good nopl xtopology nonstop_tsc aperfmperf eagerfpu pni pclmulqdq dtes64 monitor ds_cpl vmx est tm2 ssse3 cx16 xtpr pdcm pcid sse4_1 sse4_2 x2apic popcnt tsc_deadline_timer xsave avx lahf_lm epb tpr_shadow vnmi flexpriority ept vpid xsaveopt dtherm arat pln pts
bugs		:
bogomips	: 4589.18
clflush size	: 64
cache_alignment	: 64
address sizes	: 36 bits physical, 48 bits virtual
power management:

processor	: 2
vendor_id	: GenuineIntel
cpu family	: 6
model		: 42
model name	: Intel(R) Core(TM) i3-2348M CPU @ 2.30GHz
stepping	: 7
microcode	: 0x28
cpu MHz		: 812.277
cache size	: 3072 KB
physical id	: 0
siblings	: 4
core id		: 1
cpu cores	: 2
apicid		: 2
initial apicid	: 2
fpu		: yes
fpu_exception	: yes
cpuid level	: 13
wp		: yes
flags		: fpu vme de pse tsc msr pae mce cx8 apic sep mtrr pge mca cmov pat pse36 clflush dts acpi mmx fxsr sse sse2 ss ht tm pbe syscall nx rdtscp lm constant_tsc arch_perfmon pebs bts rep_good nopl xtopology nonstop_tsc aperfmperf eagerfpu pni pclmulqdq dtes64 monitor ds_cpl vmx est tm2 ssse3 cx16 xtpr pdcm pcid sse4_1 sse4_2 x2apic popcnt tsc_deadline_timer xsave avx lahf_lm epb tpr_shadow vnmi flexpriority ept vpid xsaveopt dtherm arat pln pts
bugs		:
bogomips	: 4589.18
clflush size	: 64
cache_alignment	: 64
address sizes	: 36 bits physical, 48 bits virtual
power management:

processor	: 3
vendor_id	: GenuineIntel
cpu family	: 6
model		: 42
model name	: Intel(R) Core(TM) i3-2348M CPU @ 2.30GHz
stepping	: 7
microcode	: 0x28
cpu MHz		: 897.539
cache size	: 3072 KB
physical id	: 0
siblings	: 4
core id		: 1
cpu cores	: 2
apicid		: 3
initial apicid	: 3
fpu		: yes
fpu_exception	: yes
cpuid level	: 13
wp		: yes
flags		: fpu vme de pse tsc msr pae mce cx8 apic sep mtrr pge mca cmov pat pse36 clflush dts acpi mmx fxsr sse sse2 ss ht tm pbe syscall nx rdtscp lm constant_tsc arch_perfmon pebs bts rep_good nopl xtopology nonstop_tsc aperfmperf eagerfpu pni pclmulqdq dtes64 monitor ds_cpl vmx est tm2 ssse3 cx16 xtpr pdcm pcid sse4_1 sse4_2 x2apic popcnt tsc_deadline_timer xsave avx lahf_lm epb tpr_shadow vnmi flexpriority ept vpid xsaveopt dtherm arat pln pts
bugs		:
bogomips	: 4589.18
clflush size	: 64
cache_alignment	: 64
address sizes	: 36 bits physical, 48 bits virtual
power management:



Memory: 4k page, physical 3936780k(123432k free), swap 0k(0k free)

vm_info: Java HotSpot(TM) 64-Bit Server VM (25.101-b13) for linux-amd64 JRE (1.8.0_101-b13), built on Jun 22 2016 02:59:44 by "java_re" with gcc 4.3.0 20080428 (Red Hat 4.3.0-8)

time: Thu Oct  6 16:18:41 2016
elapsed time: 8 seconds (0d 0h 0m 8s)

